{"date":"Thu Jul 03 2025 06:18:02 GMT+0000 (Coordinated Universal Time)","error":{"diagnosticCodes":[6133,6133]},"exception":true,"level":"error","message":"uncaughtException: ⨯ Unable to compile TypeScript:\nsrc/middleware/errorHandler.ts(13,3): error TS6133: 'next' is declared but its value is never read.\nsrc/middleware/errorHandler.ts(43,3): error TS6133: 'res' is declared but its value is never read.\n\nTSError: ⨯ Unable to compile TypeScript:\nsrc/middleware/errorHandler.ts(13,3): error TS6133: 'next' is declared but its value is never read.\nsrc/middleware/errorHandler.ts(43,3): error TS6133: 'res' is declared but its value is never read.\n\n    at createTSError (/app/node_modules/ts-node/src/index.ts:859:12)\n    at reportTSError (/app/node_modules/ts-node/src/index.ts:863:19)\n    at getOutput (/app/node_modules/ts-node/src/index.ts:1077:36)\n    at Object.compile (/app/node_modules/ts-node/src/index.ts:1433:41)\n    at Module.m._compile (/app/node_modules/ts-node/src/index.ts:1617:30)\n    at Module._extensions..js (node:internal/modules/cjs/loader:1422:10)\n    at Object.require.extensions.<computed> [as .ts] (/app/node_modules/ts-node/src/index.ts:1621:12)\n    at Module.load (node:internal/modules/cjs/loader:1203:32)\n    at Function.Module._load (node:internal/modules/cjs/loader:1019:12)\n    at Module.require (node:internal/modules/cjs/loader:1231:19)","os":{"loadavg":[3.06,1.23,0.52],"uptime":2709.3},"process":{"argv":["/app/node_modules/ts-node/dist/bin.js","/app/src/index.ts"],"cwd":"/app","execPath":"/usr/local/bin/node","gid":0,"memoryUsage":{"arrayBuffers":2424646,"external":6523409,"heapTotal":295903232,"heapUsed":260239848,"rss":349650944},"pid":34,"uid":0,"version":"v18.20.8"},"service":"incident-response-api","stack":"TSError: ⨯ Unable to compile TypeScript:\nsrc/middleware/errorHandler.ts(13,3): error TS6133: 'next' is declared but its value is never read.\nsrc/middleware/errorHandler.ts(43,3): error TS6133: 'res' is declared but its value is never read.\n\n    at createTSError (/app/node_modules/ts-node/src/index.ts:859:12)\n    at reportTSError (/app/node_modules/ts-node/src/index.ts:863:19)\n    at getOutput (/app/node_modules/ts-node/src/index.ts:1077:36)\n    at Object.compile (/app/node_modules/ts-node/src/index.ts:1433:41)\n    at Module.m._compile (/app/node_modules/ts-node/src/index.ts:1617:30)\n    at Module._extensions..js (node:internal/modules/cjs/loader:1422:10)\n    at Object.require.extensions.<computed> [as .ts] (/app/node_modules/ts-node/src/index.ts:1621:12)\n    at Module.load (node:internal/modules/cjs/loader:1203:32)\n    at Function.Module._load (node:internal/modules/cjs/loader:1019:12)\n    at Module.require (node:internal/modules/cjs/loader:1231:19)","timestamp":"2025-07-03 06:18:02","trace":[{"column":12,"file":"/app/node_modules/ts-node/src/index.ts","function":"createTSError","line":859,"method":null,"native":false},{"column":19,"file":"/app/node_modules/ts-node/src/index.ts","function":"reportTSError","line":863,"method":null,"native":false},{"column":36,"file":"/app/node_modules/ts-node/src/index.ts","function":"getOutput","line":1077,"method":null,"native":false},{"column":41,"file":"/app/node_modules/ts-node/src/index.ts","function":"Object.compile","line":1433,"method":"compile","native":false},{"column":30,"file":"/app/node_modules/ts-node/src/index.ts","function":"Module.m._compile","line":1617,"method":"_compile","native":false},{"column":10,"file":"node:internal/modules/cjs/loader","function":"Module._extensions..js","line":1422,"method":".js","native":false},{"column":12,"file":"/app/node_modules/ts-node/src/index.ts","function":"Object.require.extensions.<computed> [as .ts]","line":1621,"method":"ts]","native":false},{"column":32,"file":"node:internal/modules/cjs/loader","function":"Module.load","line":1203,"method":"load","native":false},{"column":12,"file":"node:internal/modules/cjs/loader","function":"Module._load","line":1019,"method":"_load","native":false},{"column":19,"file":"node:internal/modules/cjs/loader","function":"Module.require","line":1231,"method":"require","native":false}]}
{"date":"Mon Jul 07 2025 10:31:06 GMT+0000 (Coordinated Universal Time)","error":{"diagnosticCodes":[6133,6133]},"exception":true,"level":"error","message":"uncaughtException: ⨯ Unable to compile TypeScript:\nsrc/middleware/errorHandler.ts(13,3): error TS6133: 'next' is declared but its value is never read.\nsrc/middleware/errorHandler.ts(43,3): error TS6133: 'res' is declared but its value is never read.\n\nTSError: ⨯ Unable to compile TypeScript:\nsrc/middleware/errorHandler.ts(13,3): error TS6133: 'next' is declared but its value is never read.\nsrc/middleware/errorHandler.ts(43,3): error TS6133: 'res' is declared but its value is never read.\n\n    at createTSError (/app/node_modules/ts-node/src/index.ts:859:12)\n    at reportTSError (/app/node_modules/ts-node/src/index.ts:863:19)\n    at getOutput (/app/node_modules/ts-node/src/index.ts:1077:36)\n    at Object.compile (/app/node_modules/ts-node/src/index.ts:1433:41)\n    at Module.m._compile (/app/node_modules/ts-node/src/index.ts:1617:30)\n    at Module._extensions..js (node:internal/modules/cjs/loader:1422:10)\n    at Object.require.extensions.<computed> [as .ts] (/app/node_modules/ts-node/src/index.ts:1621:12)\n    at Module.load (node:internal/modules/cjs/loader:1203:32)\n    at Function.Module._load (node:internal/modules/cjs/loader:1019:12)\n    at Module.require (node:internal/modules/cjs/loader:1231:19)","os":{"loadavg":[5.57,1.79,0.64],"uptime":2113.36},"process":{"argv":["/app/node_modules/ts-node/dist/bin.js","/app/src/index.ts"],"cwd":"/app","execPath":"/usr/local/bin/node","gid":0,"memoryUsage":{"arrayBuffers":5196259,"external":8600962,"heapTotal":292757504,"heapUsed":265310320,"rss":352518144},"pid":36,"uid":0,"version":"v18.20.8"},"service":"incident-response-api","stack":"TSError: ⨯ Unable to compile TypeScript:\nsrc/middleware/errorHandler.ts(13,3): error TS6133: 'next' is declared but its value is never read.\nsrc/middleware/errorHandler.ts(43,3): error TS6133: 'res' is declared but its value is never read.\n\n    at createTSError (/app/node_modules/ts-node/src/index.ts:859:12)\n    at reportTSError (/app/node_modules/ts-node/src/index.ts:863:19)\n    at getOutput (/app/node_modules/ts-node/src/index.ts:1077:36)\n    at Object.compile (/app/node_modules/ts-node/src/index.ts:1433:41)\n    at Module.m._compile (/app/node_modules/ts-node/src/index.ts:1617:30)\n    at Module._extensions..js (node:internal/modules/cjs/loader:1422:10)\n    at Object.require.extensions.<computed> [as .ts] (/app/node_modules/ts-node/src/index.ts:1621:12)\n    at Module.load (node:internal/modules/cjs/loader:1203:32)\n    at Function.Module._load (node:internal/modules/cjs/loader:1019:12)\n    at Module.require (node:internal/modules/cjs/loader:1231:19)","timestamp":"2025-07-07 10:31:06","trace":[{"column":12,"file":"/app/node_modules/ts-node/src/index.ts","function":"createTSError","line":859,"method":null,"native":false},{"column":19,"file":"/app/node_modules/ts-node/src/index.ts","function":"reportTSError","line":863,"method":null,"native":false},{"column":36,"file":"/app/node_modules/ts-node/src/index.ts","function":"getOutput","line":1077,"method":null,"native":false},{"column":41,"file":"/app/node_modules/ts-node/src/index.ts","function":"Object.compile","line":1433,"method":"compile","native":false},{"column":30,"file":"/app/node_modules/ts-node/src/index.ts","function":"Module.m._compile","line":1617,"method":"_compile","native":false},{"column":10,"file":"node:internal/modules/cjs/loader","function":"Module._extensions..js","line":1422,"method":".js","native":false},{"column":12,"file":"/app/node_modules/ts-node/src/index.ts","function":"Object.require.extensions.<computed> [as .ts]","line":1621,"method":"ts]","native":false},{"column":32,"file":"node:internal/modules/cjs/loader","function":"Module.load","line":1203,"method":"load","native":false},{"column":12,"file":"node:internal/modules/cjs/loader","function":"Module._load","line":1019,"method":"_load","native":false},{"column":19,"file":"node:internal/modules/cjs/loader","function":"Module.require","line":1231,"method":"require","native":false}]}
{"date":"Mon Jul 07 2025 10:48:27 GMT+0000 (Coordinated Universal Time)","error":{"diagnosticCodes":[6133,6133]},"exception":true,"level":"error","message":"uncaughtException: ⨯ Unable to compile TypeScript:\nsrc/middleware/errorHandler.ts(13,3): error TS6133: 'next' is declared but its value is never read.\nsrc/middleware/errorHandler.ts(43,3): error TS6133: 'res' is declared but its value is never read.\n\nTSError: ⨯ Unable to compile TypeScript:\nsrc/middleware/errorHandler.ts(13,3): error TS6133: 'next' is declared but its value is never read.\nsrc/middleware/errorHandler.ts(43,3): error TS6133: 'res' is declared but its value is never read.\n\n    at createTSError (/app/node_modules/ts-node/src/index.ts:859:12)\n    at reportTSError (/app/node_modules/ts-node/src/index.ts:863:19)\n    at getOutput (/app/node_modules/ts-node/src/index.ts:1077:36)\n    at Object.compile (/app/node_modules/ts-node/src/index.ts:1433:41)\n    at Module.m._compile (/app/node_modules/ts-node/src/index.ts:1617:30)\n    at Module._extensions..js (node:internal/modules/cjs/loader:1422:10)\n    at Object.require.extensions.<computed> [as .ts] (/app/node_modules/ts-node/src/index.ts:1621:12)\n    at Module.load (node:internal/modules/cjs/loader:1203:32)\n    at Function.Module._load (node:internal/modules/cjs/loader:1019:12)\n    at Module.require (node:internal/modules/cjs/loader:1231:19)","os":{"loadavg":[6.29,2.27,1.05],"uptime":3154.79},"process":{"argv":["/app/node_modules/ts-node/dist/bin.js","/app/src/index.ts"],"cwd":"/app","execPath":"/usr/local/bin/node","gid":0,"memoryUsage":{"arrayBuffers":2560412,"external":5965115,"heapTotal":295116800,"heapUsed":260200608,"rss":351440896},"pid":35,"uid":0,"version":"v18.20.8"},"service":"incident-response-api","stack":"TSError: ⨯ Unable to compile TypeScript:\nsrc/middleware/errorHandler.ts(13,3): error TS6133: 'next' is declared but its value is never read.\nsrc/middleware/errorHandler.ts(43,3): error TS6133: 'res' is declared but its value is never read.\n\n    at createTSError (/app/node_modules/ts-node/src/index.ts:859:12)\n    at reportTSError (/app/node_modules/ts-node/src/index.ts:863:19)\n    at getOutput (/app/node_modules/ts-node/src/index.ts:1077:36)\n    at Object.compile (/app/node_modules/ts-node/src/index.ts:1433:41)\n    at Module.m._compile (/app/node_modules/ts-node/src/index.ts:1617:30)\n    at Module._extensions..js (node:internal/modules/cjs/loader:1422:10)\n    at Object.require.extensions.<computed> [as .ts] (/app/node_modules/ts-node/src/index.ts:1621:12)\n    at Module.load (node:internal/modules/cjs/loader:1203:32)\n    at Function.Module._load (node:internal/modules/cjs/loader:1019:12)\n    at Module.require (node:internal/modules/cjs/loader:1231:19)","timestamp":"2025-07-07 10:48:27","trace":[{"column":12,"file":"/app/node_modules/ts-node/src/index.ts","function":"createTSError","line":859,"method":null,"native":false},{"column":19,"file":"/app/node_modules/ts-node/src/index.ts","function":"reportTSError","line":863,"method":null,"native":false},{"column":36,"file":"/app/node_modules/ts-node/src/index.ts","function":"getOutput","line":1077,"method":null,"native":false},{"column":41,"file":"/app/node_modules/ts-node/src/index.ts","function":"Object.compile","line":1433,"method":"compile","native":false},{"column":30,"file":"/app/node_modules/ts-node/src/index.ts","function":"Module.m._compile","line":1617,"method":"_compile","native":false},{"column":10,"file":"node:internal/modules/cjs/loader","function":"Module._extensions..js","line":1422,"method":".js","native":false},{"column":12,"file":"/app/node_modules/ts-node/src/index.ts","function":"Object.require.extensions.<computed> [as .ts]","line":1621,"method":"ts]","native":false},{"column":32,"file":"node:internal/modules/cjs/loader","function":"Module.load","line":1203,"method":"load","native":false},{"column":12,"file":"node:internal/modules/cjs/loader","function":"Module._load","line":1019,"method":"_load","native":false},{"column":19,"file":"node:internal/modules/cjs/loader","function":"Module.require","line":1231,"method":"require","native":false}]}
{"date":"Mon Jul 07 2025 10:51:32 GMT+0000 (Coordinated Universal Time)","error":{"diagnosticCodes":[6133,6133]},"exception":true,"level":"error","message":"uncaughtException: ⨯ Unable to compile TypeScript:\nsrc/middleware/errorHandler.ts(13,3): error TS6133: 'next' is declared but its value is never read.\nsrc/middleware/errorHandler.ts(43,3): error TS6133: 'res' is declared but its value is never read.\n\nTSError: ⨯ Unable to compile TypeScript:\nsrc/middleware/errorHandler.ts(13,3): error TS6133: 'next' is declared but its value is never read.\nsrc/middleware/errorHandler.ts(43,3): error TS6133: 'res' is declared but its value is never read.\n\n    at createTSError (/app/node_modules/ts-node/src/index.ts:859:12)\n    at reportTSError (/app/node_modules/ts-node/src/index.ts:863:19)\n    at getOutput (/app/node_modules/ts-node/src/index.ts:1077:36)\n    at Object.compile (/app/node_modules/ts-node/src/index.ts:1433:41)\n    at Module.m._compile (/app/node_modules/ts-node/src/index.ts:1617:30)\n    at Module._extensions..js (node:internal/modules/cjs/loader:1422:10)\n    at Object.require.extensions.<computed> [as .ts] (/app/node_modules/ts-node/src/index.ts:1621:12)\n    at Module.load (node:internal/modules/cjs/loader:1203:32)\n    at Function.Module._load (node:internal/modules/cjs/loader:1019:12)\n    at Module.require (node:internal/modules/cjs/loader:1231:19)","os":{"loadavg":[5.67,2.93,1.47],"uptime":3339.34},"process":{"argv":["/app/node_modules/ts-node/dist/bin.js","/app/src/index.ts"],"cwd":"/app","execPath":"/usr/local/bin/node","gid":0,"memoryUsage":{"arrayBuffers":2560340,"external":5965043,"heapTotal":294068224,"heapUsed":260963048,"rss":350765056},"pid":35,"uid":0,"version":"v18.20.8"},"service":"incident-response-api","stack":"TSError: ⨯ Unable to compile TypeScript:\nsrc/middleware/errorHandler.ts(13,3): error TS6133: 'next' is declared but its value is never read.\nsrc/middleware/errorHandler.ts(43,3): error TS6133: 'res' is declared but its value is never read.\n\n    at createTSError (/app/node_modules/ts-node/src/index.ts:859:12)\n    at reportTSError (/app/node_modules/ts-node/src/index.ts:863:19)\n    at getOutput (/app/node_modules/ts-node/src/index.ts:1077:36)\n    at Object.compile (/app/node_modules/ts-node/src/index.ts:1433:41)\n    at Module.m._compile (/app/node_modules/ts-node/src/index.ts:1617:30)\n    at Module._extensions..js (node:internal/modules/cjs/loader:1422:10)\n    at Object.require.extensions.<computed> [as .ts] (/app/node_modules/ts-node/src/index.ts:1621:12)\n    at Module.load (node:internal/modules/cjs/loader:1203:32)\n    at Function.Module._load (node:internal/modules/cjs/loader:1019:12)\n    at Module.require (node:internal/modules/cjs/loader:1231:19)","timestamp":"2025-07-07 10:51:32","trace":[{"column":12,"file":"/app/node_modules/ts-node/src/index.ts","function":"createTSError","line":859,"method":null,"native":false},{"column":19,"file":"/app/node_modules/ts-node/src/index.ts","function":"reportTSError","line":863,"method":null,"native":false},{"column":36,"file":"/app/node_modules/ts-node/src/index.ts","function":"getOutput","line":1077,"method":null,"native":false},{"column":41,"file":"/app/node_modules/ts-node/src/index.ts","function":"Object.compile","line":1433,"method":"compile","native":false},{"column":30,"file":"/app/node_modules/ts-node/src/index.ts","function":"Module.m._compile","line":1617,"method":"_compile","native":false},{"column":10,"file":"node:internal/modules/cjs/loader","function":"Module._extensions..js","line":1422,"method":".js","native":false},{"column":12,"file":"/app/node_modules/ts-node/src/index.ts","function":"Object.require.extensions.<computed> [as .ts]","line":1621,"method":"ts]","native":false},{"column":32,"file":"node:internal/modules/cjs/loader","function":"Module.load","line":1203,"method":"load","native":false},{"column":12,"file":"node:internal/modules/cjs/loader","function":"Module._load","line":1019,"method":"_load","native":false},{"column":19,"file":"node:internal/modules/cjs/loader","function":"Module.require","line":1231,"method":"require","native":false}]}
{"date":"Mon Jul 07 2025 10:58:46 GMT+0000 (Coordinated Universal Time)","error":{"diagnosticCodes":[6133,6133]},"exception":true,"level":"error","message":"uncaughtException: ⨯ Unable to compile TypeScript:\nsrc/middleware/errorHandler.ts(13,3): error TS6133: 'next' is declared but its value is never read.\nsrc/middleware/errorHandler.ts(43,3): error TS6133: 'res' is declared but its value is never read.\n\nTSError: ⨯ Unable to compile TypeScript:\nsrc/middleware/errorHandler.ts(13,3): error TS6133: 'next' is declared but its value is never read.\nsrc/middleware/errorHandler.ts(43,3): error TS6133: 'res' is declared but its value is never read.\n\n    at createTSError (/app/node_modules/ts-node/src/index.ts:859:12)\n    at reportTSError (/app/node_modules/ts-node/src/index.ts:863:19)\n    at getOutput (/app/node_modules/ts-node/src/index.ts:1077:36)\n    at Object.compile (/app/node_modules/ts-node/src/index.ts:1433:41)\n    at Module.m._compile (/app/node_modules/ts-node/src/index.ts:1617:30)\n    at Module._extensions..js (node:internal/modules/cjs/loader:1422:10)\n    at Object.require.extensions.<computed> [as .ts] (/app/node_modules/ts-node/src/index.ts:1621:12)\n    at Module.load (node:internal/modules/cjs/loader:1203:32)\n    at Function.Module._load (node:internal/modules/cjs/loader:1019:12)\n    at Module.require (node:internal/modules/cjs/loader:1231:19)","os":{"loadavg":[7.54,3.83,2.18],"uptime":3774.2},"process":{"argv":["/app/node_modules/ts-node/dist/bin.js","/app/src/index.ts"],"cwd":"/app","execPath":"/usr/local/bin/node","gid":0,"memoryUsage":{"arrayBuffers":2991945,"external":6396648,"heapTotal":292495360,"heapUsed":265954296,"rss":350011392},"pid":35,"uid":0,"version":"v18.20.8"},"service":"incident-response-api","stack":"TSError: ⨯ Unable to compile TypeScript:\nsrc/middleware/errorHandler.ts(13,3): error TS6133: 'next' is declared but its value is never read.\nsrc/middleware/errorHandler.ts(43,3): error TS6133: 'res' is declared but its value is never read.\n\n    at createTSError (/app/node_modules/ts-node/src/index.ts:859:12)\n    at reportTSError (/app/node_modules/ts-node/src/index.ts:863:19)\n    at getOutput (/app/node_modules/ts-node/src/index.ts:1077:36)\n    at Object.compile (/app/node_modules/ts-node/src/index.ts:1433:41)\n    at Module.m._compile (/app/node_modules/ts-node/src/index.ts:1617:30)\n    at Module._extensions..js (node:internal/modules/cjs/loader:1422:10)\n    at Object.require.extensions.<computed> [as .ts] (/app/node_modules/ts-node/src/index.ts:1621:12)\n    at Module.load (node:internal/modules/cjs/loader:1203:32)\n    at Function.Module._load (node:internal/modules/cjs/loader:1019:12)\n    at Module.require (node:internal/modules/cjs/loader:1231:19)","timestamp":"2025-07-07 10:58:46","trace":[{"column":12,"file":"/app/node_modules/ts-node/src/index.ts","function":"createTSError","line":859,"method":null,"native":false},{"column":19,"file":"/app/node_modules/ts-node/src/index.ts","function":"reportTSError","line":863,"method":null,"native":false},{"column":36,"file":"/app/node_modules/ts-node/src/index.ts","function":"getOutput","line":1077,"method":null,"native":false},{"column":41,"file":"/app/node_modules/ts-node/src/index.ts","function":"Object.compile","line":1433,"method":"compile","native":false},{"column":30,"file":"/app/node_modules/ts-node/src/index.ts","function":"Module.m._compile","line":1617,"method":"_compile","native":false},{"column":10,"file":"node:internal/modules/cjs/loader","function":"Module._extensions..js","line":1422,"method":".js","native":false},{"column":12,"file":"/app/node_modules/ts-node/src/index.ts","function":"Object.require.extensions.<computed> [as .ts]","line":1621,"method":"ts]","native":false},{"column":32,"file":"node:internal/modules/cjs/loader","function":"Module.load","line":1203,"method":"load","native":false},{"column":12,"file":"node:internal/modules/cjs/loader","function":"Module._load","line":1019,"method":"_load","native":false},{"column":19,"file":"node:internal/modules/cjs/loader","function":"Module.require","line":1231,"method":"require","native":false}]}
{"date":"Mon Jul 07 2025 11:44:21 GMT+0000 (Coordinated Universal Time)","error":{"diagnosticCodes":[6133,6133]},"exception":true,"level":"error","message":"uncaughtException: ⨯ Unable to compile TypeScript:\nsrc/middleware/errorHandler.ts(13,3): error TS6133: 'next' is declared but its value is never read.\nsrc/middleware/errorHandler.ts(43,3): error TS6133: 'res' is declared but its value is never read.\n\nTSError: ⨯ Unable to compile TypeScript:\nsrc/middleware/errorHandler.ts(13,3): error TS6133: 'next' is declared but its value is never read.\nsrc/middleware/errorHandler.ts(43,3): error TS6133: 'res' is declared but its value is never read.\n\n    at createTSError (/app/node_modules/ts-node/src/index.ts:859:12)\n    at reportTSError (/app/node_modules/ts-node/src/index.ts:863:19)\n    at getOutput (/app/node_modules/ts-node/src/index.ts:1077:36)\n    at Object.compile (/app/node_modules/ts-node/src/index.ts:1433:41)\n    at Module.m._compile (/app/node_modules/ts-node/src/index.ts:1617:30)\n    at Module._extensions..js (node:internal/modules/cjs/loader:1422:10)\n    at Object.require.extensions.<computed> [as .ts] (/app/node_modules/ts-node/src/index.ts:1621:12)\n    at Module.load (node:internal/modules/cjs/loader:1203:32)\n    at Function.Module._load (node:internal/modules/cjs/loader:1019:12)\n    at Module.require (node:internal/modules/cjs/loader:1231:19)","os":{"loadavg":[4.61,1.18,0.48],"uptime":6508.59},"process":{"argv":["/app/node_modules/ts-node/dist/bin.js","/app/src/index.ts"],"cwd":"/app","execPath":"/usr/local/bin/node","gid":0,"memoryUsage":{"arrayBuffers":5042896,"external":8447599,"heapTotal":291708928,"heapUsed":261420120,"rss":350814208},"pid":35,"uid":0,"version":"v18.20.8"},"service":"incident-response-api","stack":"TSError: ⨯ Unable to compile TypeScript:\nsrc/middleware/errorHandler.ts(13,3): error TS6133: 'next' is declared but its value is never read.\nsrc/middleware/errorHandler.ts(43,3): error TS6133: 'res' is declared but its value is never read.\n\n    at createTSError (/app/node_modules/ts-node/src/index.ts:859:12)\n    at reportTSError (/app/node_modules/ts-node/src/index.ts:863:19)\n    at getOutput (/app/node_modules/ts-node/src/index.ts:1077:36)\n    at Object.compile (/app/node_modules/ts-node/src/index.ts:1433:41)\n    at Module.m._compile (/app/node_modules/ts-node/src/index.ts:1617:30)\n    at Module._extensions..js (node:internal/modules/cjs/loader:1422:10)\n    at Object.require.extensions.<computed> [as .ts] (/app/node_modules/ts-node/src/index.ts:1621:12)\n    at Module.load (node:internal/modules/cjs/loader:1203:32)\n    at Function.Module._load (node:internal/modules/cjs/loader:1019:12)\n    at Module.require (node:internal/modules/cjs/loader:1231:19)","timestamp":"2025-07-07 11:44:21","trace":[{"column":12,"file":"/app/node_modules/ts-node/src/index.ts","function":"createTSError","line":859,"method":null,"native":false},{"column":19,"file":"/app/node_modules/ts-node/src/index.ts","function":"reportTSError","line":863,"method":null,"native":false},{"column":36,"file":"/app/node_modules/ts-node/src/index.ts","function":"getOutput","line":1077,"method":null,"native":false},{"column":41,"file":"/app/node_modules/ts-node/src/index.ts","function":"Object.compile","line":1433,"method":"compile","native":false},{"column":30,"file":"/app/node_modules/ts-node/src/index.ts","function":"Module.m._compile","line":1617,"method":"_compile","native":false},{"column":10,"file":"node:internal/modules/cjs/loader","function":"Module._extensions..js","line":1422,"method":".js","native":false},{"column":12,"file":"/app/node_modules/ts-node/src/index.ts","function":"Object.require.extensions.<computed> [as .ts]","line":1621,"method":"ts]","native":false},{"column":32,"file":"node:internal/modules/cjs/loader","function":"Module.load","line":1203,"method":"load","native":false},{"column":12,"file":"node:internal/modules/cjs/loader","function":"Module._load","line":1019,"method":"_load","native":false},{"column":19,"file":"node:internal/modules/cjs/loader","function":"Module.require","line":1231,"method":"require","native":false}]}
{"date":"Mon Jul 07 2025 12:05:32 GMT+0000 (Coordinated Universal Time)","error":{"diagnosticCodes":[6133,6133]},"exception":true,"level":"error","message":"uncaughtException: ⨯ Unable to compile TypeScript:\nsrc/middleware/errorHandler.ts(13,3): error TS6133: 'next' is declared but its value is never read.\nsrc/middleware/errorHandler.ts(43,3): error TS6133: 'res' is declared but its value is never read.\n\nTSError: ⨯ Unable to compile TypeScript:\nsrc/middleware/errorHandler.ts(13,3): error TS6133: 'next' is declared but its value is never read.\nsrc/middleware/errorHandler.ts(43,3): error TS6133: 'res' is declared but its value is never read.\n\n    at createTSError (/app/node_modules/ts-node/src/index.ts:859:12)\n    at reportTSError (/app/node_modules/ts-node/src/index.ts:863:19)\n    at getOutput (/app/node_modules/ts-node/src/index.ts:1077:36)\n    at Object.compile (/app/node_modules/ts-node/src/index.ts:1433:41)\n    at Module.m._compile (/app/node_modules/ts-node/src/index.ts:1617:30)\n    at Module._extensions..js (node:internal/modules/cjs/loader:1422:10)\n    at Object.require.extensions.<computed> [as .ts] (/app/node_modules/ts-node/src/index.ts:1621:12)\n    at Module.load (node:internal/modules/cjs/loader:1203:32)\n    at Function.Module._load (node:internal/modules/cjs/loader:1019:12)\n    at Module.require (node:internal/modules/cjs/loader:1231:19)","os":{"loadavg":[6.08,2.77,1.24],"uptime":7779.72},"process":{"argv":["/app/node_modules/ts-node/dist/bin.js","/app/src/index.ts"],"cwd":"/app","execPath":"/usr/local/bin/node","gid":0,"memoryUsage":{"arrayBuffers":2560332,"external":5965035,"heapTotal":293543936,"heapUsed":260170360,"rss":346800128},"pid":36,"uid":0,"version":"v18.20.8"},"service":"incident-response-api","stack":"TSError: ⨯ Unable to compile TypeScript:\nsrc/middleware/errorHandler.ts(13,3): error TS6133: 'next' is declared but its value is never read.\nsrc/middleware/errorHandler.ts(43,3): error TS6133: 'res' is declared but its value is never read.\n\n    at createTSError (/app/node_modules/ts-node/src/index.ts:859:12)\n    at reportTSError (/app/node_modules/ts-node/src/index.ts:863:19)\n    at getOutput (/app/node_modules/ts-node/src/index.ts:1077:36)\n    at Object.compile (/app/node_modules/ts-node/src/index.ts:1433:41)\n    at Module.m._compile (/app/node_modules/ts-node/src/index.ts:1617:30)\n    at Module._extensions..js (node:internal/modules/cjs/loader:1422:10)\n    at Object.require.extensions.<computed> [as .ts] (/app/node_modules/ts-node/src/index.ts:1621:12)\n    at Module.load (node:internal/modules/cjs/loader:1203:32)\n    at Function.Module._load (node:internal/modules/cjs/loader:1019:12)\n    at Module.require (node:internal/modules/cjs/loader:1231:19)","timestamp":"2025-07-07 12:05:32","trace":[{"column":12,"file":"/app/node_modules/ts-node/src/index.ts","function":"createTSError","line":859,"method":null,"native":false},{"column":19,"file":"/app/node_modules/ts-node/src/index.ts","function":"reportTSError","line":863,"method":null,"native":false},{"column":36,"file":"/app/node_modules/ts-node/src/index.ts","function":"getOutput","line":1077,"method":null,"native":false},{"column":41,"file":"/app/node_modules/ts-node/src/index.ts","function":"Object.compile","line":1433,"method":"compile","native":false},{"column":30,"file":"/app/node_modules/ts-node/src/index.ts","function":"Module.m._compile","line":1617,"method":"_compile","native":false},{"column":10,"file":"node:internal/modules/cjs/loader","function":"Module._extensions..js","line":1422,"method":".js","native":false},{"column":12,"file":"/app/node_modules/ts-node/src/index.ts","function":"Object.require.extensions.<computed> [as .ts]","line":1621,"method":"ts]","native":false},{"column":32,"file":"node:internal/modules/cjs/loader","function":"Module.load","line":1203,"method":"load","native":false},{"column":12,"file":"node:internal/modules/cjs/loader","function":"Module._load","line":1019,"method":"_load","native":false},{"column":19,"file":"node:internal/modules/cjs/loader","function":"Module.require","line":1231,"method":"require","native":false}]}
{"date":"Mon Jul 07 2025 12:11:10 GMT+0000 (Coordinated Universal Time)","error":{"diagnosticCodes":[6133,6133]},"exception":true,"level":"error","message":"uncaughtException: ⨯ Unable to compile TypeScript:\nsrc/middleware/errorHandler.ts(13,3): error TS6133: 'next' is declared but its value is never read.\nsrc/middleware/errorHandler.ts(43,3): error TS6133: 'res' is declared but its value is never read.\n\nTSError: ⨯ Unable to compile TypeScript:\nsrc/middleware/errorHandler.ts(13,3): error TS6133: 'next' is declared but its value is never read.\nsrc/middleware/errorHandler.ts(43,3): error TS6133: 'res' is declared but its value is never read.\n\n    at createTSError (/app/node_modules/ts-node/src/index.ts:859:12)\n    at reportTSError (/app/node_modules/ts-node/src/index.ts:863:19)\n    at getOutput (/app/node_modules/ts-node/src/index.ts:1077:36)\n    at Object.compile (/app/node_modules/ts-node/src/index.ts:1433:41)\n    at Module.m._compile (/app/node_modules/ts-node/src/index.ts:1617:30)\n    at Module._extensions..js (node:internal/modules/cjs/loader:1422:10)\n    at Object.require.extensions.<computed> [as .ts] (/app/node_modules/ts-node/src/index.ts:1621:12)\n    at Module.load (node:internal/modules/cjs/loader:1203:32)\n    at Function.Module._load (node:internal/modules/cjs/loader:1019:12)\n    at Module.require (node:internal/modules/cjs/loader:1231:19)","os":{"loadavg":[4.79,2.23,1.34],"uptime":8117.8},"process":{"argv":["/app/node_modules/ts-node/dist/bin.js","/app/src/index.ts"],"cwd":"/app","execPath":"/usr/local/bin/node","gid":0,"memoryUsage":{"arrayBuffers":3085826,"external":6490529,"heapTotal":294068224,"heapUsed":270858600,"rss":345866240},"pid":35,"uid":0,"version":"v18.20.8"},"service":"incident-response-api","stack":"TSError: ⨯ Unable to compile TypeScript:\nsrc/middleware/errorHandler.ts(13,3): error TS6133: 'next' is declared but its value is never read.\nsrc/middleware/errorHandler.ts(43,3): error TS6133: 'res' is declared but its value is never read.\n\n    at createTSError (/app/node_modules/ts-node/src/index.ts:859:12)\n    at reportTSError (/app/node_modules/ts-node/src/index.ts:863:19)\n    at getOutput (/app/node_modules/ts-node/src/index.ts:1077:36)\n    at Object.compile (/app/node_modules/ts-node/src/index.ts:1433:41)\n    at Module.m._compile (/app/node_modules/ts-node/src/index.ts:1617:30)\n    at Module._extensions..js (node:internal/modules/cjs/loader:1422:10)\n    at Object.require.extensions.<computed> [as .ts] (/app/node_modules/ts-node/src/index.ts:1621:12)\n    at Module.load (node:internal/modules/cjs/loader:1203:32)\n    at Function.Module._load (node:internal/modules/cjs/loader:1019:12)\n    at Module.require (node:internal/modules/cjs/loader:1231:19)","timestamp":"2025-07-07 12:11:10","trace":[{"column":12,"file":"/app/node_modules/ts-node/src/index.ts","function":"createTSError","line":859,"method":null,"native":false},{"column":19,"file":"/app/node_modules/ts-node/src/index.ts","function":"reportTSError","line":863,"method":null,"native":false},{"column":36,"file":"/app/node_modules/ts-node/src/index.ts","function":"getOutput","line":1077,"method":null,"native":false},{"column":41,"file":"/app/node_modules/ts-node/src/index.ts","function":"Object.compile","line":1433,"method":"compile","native":false},{"column":30,"file":"/app/node_modules/ts-node/src/index.ts","function":"Module.m._compile","line":1617,"method":"_compile","native":false},{"column":10,"file":"node:internal/modules/cjs/loader","function":"Module._extensions..js","line":1422,"method":".js","native":false},{"column":12,"file":"/app/node_modules/ts-node/src/index.ts","function":"Object.require.extensions.<computed> [as .ts]","line":1621,"method":"ts]","native":false},{"column":32,"file":"node:internal/modules/cjs/loader","function":"Module.load","line":1203,"method":"load","native":false},{"column":12,"file":"node:internal/modules/cjs/loader","function":"Module._load","line":1019,"method":"_load","native":false},{"column":19,"file":"node:internal/modules/cjs/loader","function":"Module.require","line":1231,"method":"require","native":false}]}
{"date":"Mon Jul 07 2025 13:07:19 GMT+0000 (Coordinated Universal Time)","error":{"diagnosticCodes":[6133,6133]},"exception":true,"level":"error","message":"uncaughtException: ⨯ Unable to compile TypeScript:\nsrc/middleware/errorHandler.ts(13,3): error TS6133: 'next' is declared but its value is never read.\nsrc/middleware/errorHandler.ts(43,3): error TS6133: 'res' is declared but its value is never read.\n\nTSError: ⨯ Unable to compile TypeScript:\nsrc/middleware/errorHandler.ts(13,3): error TS6133: 'next' is declared but its value is never read.\nsrc/middleware/errorHandler.ts(43,3): error TS6133: 'res' is declared but its value is never read.\n\n    at createTSError (/app/node_modules/ts-node/src/index.ts:859:12)\n    at reportTSError (/app/node_modules/ts-node/src/index.ts:863:19)\n    at getOutput (/app/node_modules/ts-node/src/index.ts:1077:36)\n    at Object.compile (/app/node_modules/ts-node/src/index.ts:1433:41)\n    at Module.m._compile (/app/node_modules/ts-node/src/index.ts:1617:30)\n    at Module._extensions..js (node:internal/modules/cjs/loader:1422:10)\n    at Object.require.extensions.<computed> [as .ts] (/app/node_modules/ts-node/src/index.ts:1621:12)\n    at Module.load (node:internal/modules/cjs/loader:1203:32)\n    at Function.Module._load (node:internal/modules/cjs/loader:1019:12)\n    at Module.require (node:internal/modules/cjs/loader:1231:19)","os":{"loadavg":[4.71,1.33,0.51],"uptime":11487.33},"process":{"argv":["/app/node_modules/ts-node/dist/bin.js","/app/src/index.ts"],"cwd":"/app","execPath":"/usr/local/bin/node","gid":0,"memoryUsage":{"arrayBuffers":2560396,"external":5965099,"heapTotal":293543936,"heapUsed":260731208,"rss":350289920},"pid":35,"uid":0,"version":"v18.20.8"},"service":"incident-response-api","stack":"TSError: ⨯ Unable to compile TypeScript:\nsrc/middleware/errorHandler.ts(13,3): error TS6133: 'next' is declared but its value is never read.\nsrc/middleware/errorHandler.ts(43,3): error TS6133: 'res' is declared but its value is never read.\n\n    at createTSError (/app/node_modules/ts-node/src/index.ts:859:12)\n    at reportTSError (/app/node_modules/ts-node/src/index.ts:863:19)\n    at getOutput (/app/node_modules/ts-node/src/index.ts:1077:36)\n    at Object.compile (/app/node_modules/ts-node/src/index.ts:1433:41)\n    at Module.m._compile (/app/node_modules/ts-node/src/index.ts:1617:30)\n    at Module._extensions..js (node:internal/modules/cjs/loader:1422:10)\n    at Object.require.extensions.<computed> [as .ts] (/app/node_modules/ts-node/src/index.ts:1621:12)\n    at Module.load (node:internal/modules/cjs/loader:1203:32)\n    at Function.Module._load (node:internal/modules/cjs/loader:1019:12)\n    at Module.require (node:internal/modules/cjs/loader:1231:19)","timestamp":"2025-07-07 13:07:19","trace":[{"column":12,"file":"/app/node_modules/ts-node/src/index.ts","function":"createTSError","line":859,"method":null,"native":false},{"column":19,"file":"/app/node_modules/ts-node/src/index.ts","function":"reportTSError","line":863,"method":null,"native":false},{"column":36,"file":"/app/node_modules/ts-node/src/index.ts","function":"getOutput","line":1077,"method":null,"native":false},{"column":41,"file":"/app/node_modules/ts-node/src/index.ts","function":"Object.compile","line":1433,"method":"compile","native":false},{"column":30,"file":"/app/node_modules/ts-node/src/index.ts","function":"Module.m._compile","line":1617,"method":"_compile","native":false},{"column":10,"file":"node:internal/modules/cjs/loader","function":"Module._extensions..js","line":1422,"method":".js","native":false},{"column":12,"file":"/app/node_modules/ts-node/src/index.ts","function":"Object.require.extensions.<computed> [as .ts]","line":1621,"method":"ts]","native":false},{"column":32,"file":"node:internal/modules/cjs/loader","function":"Module.load","line":1203,"method":"load","native":false},{"column":12,"file":"node:internal/modules/cjs/loader","function":"Module._load","line":1019,"method":"_load","native":false},{"column":19,"file":"node:internal/modules/cjs/loader","function":"Module.require","line":1231,"method":"require","native":false}]}
{"date":"Mon Jul 07 2025 13:32:02 GMT+0000 (Coordinated Universal Time)","error":{"diagnosticCodes":[6133,6133]},"exception":true,"level":"error","message":"uncaughtException: ⨯ Unable to compile TypeScript:\nsrc/middleware/errorHandler.ts(13,3): error TS6133: 'next' is declared but its value is never read.\nsrc/middleware/errorHandler.ts(43,3): error TS6133: 'res' is declared but its value is never read.\n\nTSError: ⨯ Unable to compile TypeScript:\nsrc/middleware/errorHandler.ts(13,3): error TS6133: 'next' is declared but its value is never read.\nsrc/middleware/errorHandler.ts(43,3): error TS6133: 'res' is declared but its value is never read.\n\n    at createTSError (/app/node_modules/ts-node/src/index.ts:859:12)\n    at reportTSError (/app/node_modules/ts-node/src/index.ts:863:19)\n    at getOutput (/app/node_modules/ts-node/src/index.ts:1077:36)\n    at Object.compile (/app/node_modules/ts-node/src/index.ts:1433:41)\n    at Module.m._compile (/app/node_modules/ts-node/src/index.ts:1617:30)\n    at Module._extensions..js (node:internal/modules/cjs/loader:1422:10)\n    at Object.require.extensions.<computed> [as .ts] (/app/node_modules/ts-node/src/index.ts:1621:12)\n    at Module.load (node:internal/modules/cjs/loader:1203:32)\n    at Function.Module._load (node:internal/modules/cjs/loader:1019:12)\n    at Module.require (node:internal/modules/cjs/loader:1231:19)","os":{"loadavg":[6.6,1.9,0.76],"uptime":12970.58},"process":{"argv":["/app/node_modules/ts-node/dist/bin.js","/app/src/index.ts"],"cwd":"/app","execPath":"/usr/local/bin/node","gid":0,"memoryUsage":{"arrayBuffers":3085946,"external":6490649,"heapTotal":289873920,"heapUsed":266863048,"rss":346845184},"pid":35,"uid":0,"version":"v18.20.8"},"service":"incident-response-api","stack":"TSError: ⨯ Unable to compile TypeScript:\nsrc/middleware/errorHandler.ts(13,3): error TS6133: 'next' is declared but its value is never read.\nsrc/middleware/errorHandler.ts(43,3): error TS6133: 'res' is declared but its value is never read.\n\n    at createTSError (/app/node_modules/ts-node/src/index.ts:859:12)\n    at reportTSError (/app/node_modules/ts-node/src/index.ts:863:19)\n    at getOutput (/app/node_modules/ts-node/src/index.ts:1077:36)\n    at Object.compile (/app/node_modules/ts-node/src/index.ts:1433:41)\n    at Module.m._compile (/app/node_modules/ts-node/src/index.ts:1617:30)\n    at Module._extensions..js (node:internal/modules/cjs/loader:1422:10)\n    at Object.require.extensions.<computed> [as .ts] (/app/node_modules/ts-node/src/index.ts:1621:12)\n    at Module.load (node:internal/modules/cjs/loader:1203:32)\n    at Function.Module._load (node:internal/modules/cjs/loader:1019:12)\n    at Module.require (node:internal/modules/cjs/loader:1231:19)","timestamp":"2025-07-07 13:32:02","trace":[{"column":12,"file":"/app/node_modules/ts-node/src/index.ts","function":"createTSError","line":859,"method":null,"native":false},{"column":19,"file":"/app/node_modules/ts-node/src/index.ts","function":"reportTSError","line":863,"method":null,"native":false},{"column":36,"file":"/app/node_modules/ts-node/src/index.ts","function":"getOutput","line":1077,"method":null,"native":false},{"column":41,"file":"/app/node_modules/ts-node/src/index.ts","function":"Object.compile","line":1433,"method":"compile","native":false},{"column":30,"file":"/app/node_modules/ts-node/src/index.ts","function":"Module.m._compile","line":1617,"method":"_compile","native":false},{"column":10,"file":"node:internal/modules/cjs/loader","function":"Module._extensions..js","line":1422,"method":".js","native":false},{"column":12,"file":"/app/node_modules/ts-node/src/index.ts","function":"Object.require.extensions.<computed> [as .ts]","line":1621,"method":"ts]","native":false},{"column":32,"file":"node:internal/modules/cjs/loader","function":"Module.load","line":1203,"method":"load","native":false},{"column":12,"file":"node:internal/modules/cjs/loader","function":"Module._load","line":1019,"method":"_load","native":false},{"column":19,"file":"node:internal/modules/cjs/loader","function":"Module.require","line":1231,"method":"require","native":false}]}
{"date":"Mon Jul 07 2025 13:53:25 GMT+0000 (Coordinated Universal Time)","error":{"diagnosticCodes":[6133,6133]},"exception":true,"level":"error","message":"uncaughtException: ⨯ Unable to compile TypeScript:\nsrc/middleware/errorHandler.ts(13,3): error TS6133: 'next' is declared but its value is never read.\nsrc/middleware/errorHandler.ts(43,3): error TS6133: 'res' is declared but its value is never read.\n\nTSError: ⨯ Unable to compile TypeScript:\nsrc/middleware/errorHandler.ts(13,3): error TS6133: 'next' is declared but its value is never read.\nsrc/middleware/errorHandler.ts(43,3): error TS6133: 'res' is declared but its value is never read.\n\n    at createTSError (/app/node_modules/ts-node/src/index.ts:859:12)\n    at reportTSError (/app/node_modules/ts-node/src/index.ts:863:19)\n    at getOutput (/app/node_modules/ts-node/src/index.ts:1077:36)\n    at Object.compile (/app/node_modules/ts-node/src/index.ts:1433:41)\n    at Module.m._compile (/app/node_modules/ts-node/src/index.ts:1617:30)\n    at Module._extensions..js (node:internal/modules/cjs/loader:1422:10)\n    at Object.require.extensions.<computed> [as .ts] (/app/node_modules/ts-node/src/index.ts:1621:12)\n    at Module.load (node:internal/modules/cjs/loader:1203:32)\n    at Function.Module._load (node:internal/modules/cjs/loader:1019:12)\n    at Module.require (node:internal/modules/cjs/loader:1231:19)","os":{"loadavg":[5.33,2.39,1.44],"uptime":14253.94},"process":{"argv":["/app/node_modules/ts-node/dist/bin.js","/app/src/index.ts"],"cwd":"/app","execPath":"/usr/local/bin/node","gid":0,"memoryUsage":{"arrayBuffers":2765293,"external":6169996,"heapTotal":293806080,"heapUsed":263965112,"rss":339083264},"pid":35,"uid":0,"version":"v18.20.8"},"service":"incident-response-api","stack":"TSError: ⨯ Unable to compile TypeScript:\nsrc/middleware/errorHandler.ts(13,3): error TS6133: 'next' is declared but its value is never read.\nsrc/middleware/errorHandler.ts(43,3): error TS6133: 'res' is declared but its value is never read.\n\n    at createTSError (/app/node_modules/ts-node/src/index.ts:859:12)\n    at reportTSError (/app/node_modules/ts-node/src/index.ts:863:19)\n    at getOutput (/app/node_modules/ts-node/src/index.ts:1077:36)\n    at Object.compile (/app/node_modules/ts-node/src/index.ts:1433:41)\n    at Module.m._compile (/app/node_modules/ts-node/src/index.ts:1617:30)\n    at Module._extensions..js (node:internal/modules/cjs/loader:1422:10)\n    at Object.require.extensions.<computed> [as .ts] (/app/node_modules/ts-node/src/index.ts:1621:12)\n    at Module.load (node:internal/modules/cjs/loader:1203:32)\n    at Function.Module._load (node:internal/modules/cjs/loader:1019:12)\n    at Module.require (node:internal/modules/cjs/loader:1231:19)","timestamp":"2025-07-07 13:53:25","trace":[{"column":12,"file":"/app/node_modules/ts-node/src/index.ts","function":"createTSError","line":859,"method":null,"native":false},{"column":19,"file":"/app/node_modules/ts-node/src/index.ts","function":"reportTSError","line":863,"method":null,"native":false},{"column":36,"file":"/app/node_modules/ts-node/src/index.ts","function":"getOutput","line":1077,"method":null,"native":false},{"column":41,"file":"/app/node_modules/ts-node/src/index.ts","function":"Object.compile","line":1433,"method":"compile","native":false},{"column":30,"file":"/app/node_modules/ts-node/src/index.ts","function":"Module.m._compile","line":1617,"method":"_compile","native":false},{"column":10,"file":"node:internal/modules/cjs/loader","function":"Module._extensions..js","line":1422,"method":".js","native":false},{"column":12,"file":"/app/node_modules/ts-node/src/index.ts","function":"Object.require.extensions.<computed> [as .ts]","line":1621,"method":"ts]","native":false},{"column":32,"file":"node:internal/modules/cjs/loader","function":"Module.load","line":1203,"method":"load","native":false},{"column":12,"file":"node:internal/modules/cjs/loader","function":"Module._load","line":1019,"method":"_load","native":false},{"column":19,"file":"node:internal/modules/cjs/loader","function":"Module.require","line":1231,"method":"require","native":false}]}
{"date":"Mon Jul 07 2025 13:54:25 GMT+0000 (Coordinated Universal Time)","error":{"diagnosticCodes":[6133,6133]},"exception":true,"level":"error","message":"uncaughtException: ⨯ Unable to compile TypeScript:\nsrc/middleware/errorHandler.ts(13,3): error TS6133: 'next' is declared but its value is never read.\nsrc/middleware/errorHandler.ts(43,3): error TS6133: 'res' is declared but its value is never read.\n\nTSError: ⨯ Unable to compile TypeScript:\nsrc/middleware/errorHandler.ts(13,3): error TS6133: 'next' is declared but its value is never read.\nsrc/middleware/errorHandler.ts(43,3): error TS6133: 'res' is declared but its value is never read.\n\n    at createTSError (/app/node_modules/ts-node/src/index.ts:859:12)\n    at reportTSError (/app/node_modules/ts-node/src/index.ts:863:19)\n    at getOutput (/app/node_modules/ts-node/src/index.ts:1077:36)\n    at Object.compile (/app/node_modules/ts-node/src/index.ts:1433:41)\n    at Module.m._compile (/app/node_modules/ts-node/src/index.ts:1617:30)\n    at Module._extensions..js (node:internal/modules/cjs/loader:1422:10)\n    at Object.require.extensions.<computed> [as .ts] (/app/node_modules/ts-node/src/index.ts:1621:12)\n    at Module.load (node:internal/modules/cjs/loader:1203:32)\n    at Function.Module._load (node:internal/modules/cjs/loader:1019:12)\n    at Module.require (node:internal/modules/cjs/loader:1231:19)","os":{"loadavg":[4.31,2.67,1.6],"uptime":14313.41},"process":{"argv":["/app/node_modules/ts-node/dist/bin.js","/app/src/index.ts"],"cwd":"/app","execPath":"/usr/local/bin/node","gid":0,"memoryUsage":{"arrayBuffers":5290356,"external":8695059,"heapTotal":293281792,"heapUsed":265868344,"rss":352595968},"pid":34,"uid":0,"version":"v18.20.8"},"service":"incident-response-api","stack":"TSError: ⨯ Unable to compile TypeScript:\nsrc/middleware/errorHandler.ts(13,3): error TS6133: 'next' is declared but its value is never read.\nsrc/middleware/errorHandler.ts(43,3): error TS6133: 'res' is declared but its value is never read.\n\n    at createTSError (/app/node_modules/ts-node/src/index.ts:859:12)\n    at reportTSError (/app/node_modules/ts-node/src/index.ts:863:19)\n    at getOutput (/app/node_modules/ts-node/src/index.ts:1077:36)\n    at Object.compile (/app/node_modules/ts-node/src/index.ts:1433:41)\n    at Module.m._compile (/app/node_modules/ts-node/src/index.ts:1617:30)\n    at Module._extensions..js (node:internal/modules/cjs/loader:1422:10)\n    at Object.require.extensions.<computed> [as .ts] (/app/node_modules/ts-node/src/index.ts:1621:12)\n    at Module.load (node:internal/modules/cjs/loader:1203:32)\n    at Function.Module._load (node:internal/modules/cjs/loader:1019:12)\n    at Module.require (node:internal/modules/cjs/loader:1231:19)","timestamp":"2025-07-07 13:54:25","trace":[{"column":12,"file":"/app/node_modules/ts-node/src/index.ts","function":"createTSError","line":859,"method":null,"native":false},{"column":19,"file":"/app/node_modules/ts-node/src/index.ts","function":"reportTSError","line":863,"method":null,"native":false},{"column":36,"file":"/app/node_modules/ts-node/src/index.ts","function":"getOutput","line":1077,"method":null,"native":false},{"column":41,"file":"/app/node_modules/ts-node/src/index.ts","function":"Object.compile","line":1433,"method":"compile","native":false},{"column":30,"file":"/app/node_modules/ts-node/src/index.ts","function":"Module.m._compile","line":1617,"method":"_compile","native":false},{"column":10,"file":"node:internal/modules/cjs/loader","function":"Module._extensions..js","line":1422,"method":".js","native":false},{"column":12,"file":"/app/node_modules/ts-node/src/index.ts","function":"Object.require.extensions.<computed> [as .ts]","line":1621,"method":"ts]","native":false},{"column":32,"file":"node:internal/modules/cjs/loader","function":"Module.load","line":1203,"method":"load","native":false},{"column":12,"file":"node:internal/modules/cjs/loader","function":"Module._load","line":1019,"method":"_load","native":false},{"column":19,"file":"node:internal/modules/cjs/loader","function":"Module.require","line":1231,"method":"require","native":false}]}
{"date":"Tue Jul 08 2025 05:27:07 GMT+0000 (Coordinated Universal Time)","error":{"diagnosticCodes":[6133,6133]},"exception":true,"level":"error","message":"uncaughtException: ⨯ Unable to compile TypeScript:\nsrc/middleware/errorHandler.ts(13,3): error TS6133: 'next' is declared but its value is never read.\nsrc/middleware/errorHandler.ts(43,3): error TS6133: 'res' is declared but its value is never read.\n\nTSError: ⨯ Unable to compile TypeScript:\nsrc/middleware/errorHandler.ts(13,3): error TS6133: 'next' is declared but its value is never read.\nsrc/middleware/errorHandler.ts(43,3): error TS6133: 'res' is declared but its value is never read.\n\n    at createTSError (/app/node_modules/ts-node/src/index.ts:859:12)\n    at reportTSError (/app/node_modules/ts-node/src/index.ts:863:19)\n    at getOutput (/app/node_modules/ts-node/src/index.ts:1077:36)\n    at Object.compile (/app/node_modules/ts-node/src/index.ts:1433:41)\n    at Module.m._compile (/app/node_modules/ts-node/src/index.ts:1617:30)\n    at Module._extensions..js (node:internal/modules/cjs/loader:1422:10)\n    at Object.require.extensions.<computed> [as .ts] (/app/node_modules/ts-node/src/index.ts:1621:12)\n    at Module.load (node:internal/modules/cjs/loader:1203:32)\n    at Function.Module._load (node:internal/modules/cjs/loader:1019:12)\n    at Module.require (node:internal/modules/cjs/loader:1231:19)","os":{"loadavg":[5.45,2.1,0.83],"uptime":924.06},"process":{"argv":["/app/node_modules/ts-node/dist/bin.js","/app/src/index.ts"],"cwd":"/app","execPath":"/usr/local/bin/node","gid":0,"memoryUsage":{"arrayBuffers":2618090,"external":6022793,"heapTotal":293281792,"heapUsed":260608408,"rss":349949952},"pid":34,"uid":0,"version":"v18.20.8"},"service":"incident-response-api","stack":"TSError: ⨯ Unable to compile TypeScript:\nsrc/middleware/errorHandler.ts(13,3): error TS6133: 'next' is declared but its value is never read.\nsrc/middleware/errorHandler.ts(43,3): error TS6133: 'res' is declared but its value is never read.\n\n    at createTSError (/app/node_modules/ts-node/src/index.ts:859:12)\n    at reportTSError (/app/node_modules/ts-node/src/index.ts:863:19)\n    at getOutput (/app/node_modules/ts-node/src/index.ts:1077:36)\n    at Object.compile (/app/node_modules/ts-node/src/index.ts:1433:41)\n    at Module.m._compile (/app/node_modules/ts-node/src/index.ts:1617:30)\n    at Module._extensions..js (node:internal/modules/cjs/loader:1422:10)\n    at Object.require.extensions.<computed> [as .ts] (/app/node_modules/ts-node/src/index.ts:1621:12)\n    at Module.load (node:internal/modules/cjs/loader:1203:32)\n    at Function.Module._load (node:internal/modules/cjs/loader:1019:12)\n    at Module.require (node:internal/modules/cjs/loader:1231:19)","timestamp":"2025-07-08 05:27:07","trace":[{"column":12,"file":"/app/node_modules/ts-node/src/index.ts","function":"createTSError","line":859,"method":null,"native":false},{"column":19,"file":"/app/node_modules/ts-node/src/index.ts","function":"reportTSError","line":863,"method":null,"native":false},{"column":36,"file":"/app/node_modules/ts-node/src/index.ts","function":"getOutput","line":1077,"method":null,"native":false},{"column":41,"file":"/app/node_modules/ts-node/src/index.ts","function":"Object.compile","line":1433,"method":"compile","native":false},{"column":30,"file":"/app/node_modules/ts-node/src/index.ts","function":"Module.m._compile","line":1617,"method":"_compile","native":false},{"column":10,"file":"node:internal/modules/cjs/loader","function":"Module._extensions..js","line":1422,"method":".js","native":false},{"column":12,"file":"/app/node_modules/ts-node/src/index.ts","function":"Object.require.extensions.<computed> [as .ts]","line":1621,"method":"ts]","native":false},{"column":32,"file":"node:internal/modules/cjs/loader","function":"Module.load","line":1203,"method":"load","native":false},{"column":12,"file":"node:internal/modules/cjs/loader","function":"Module._load","line":1019,"method":"_load","native":false},{"column":19,"file":"node:internal/modules/cjs/loader","function":"Module.require","line":1231,"method":"require","native":false}]}
{"date":"Tue Jul 08 2025 05:36:51 GMT+0000 (Coordinated Universal Time)","error":{"diagnosticCodes":[6133,6133]},"exception":true,"level":"error","message":"uncaughtException: ⨯ Unable to compile TypeScript:\nsrc/middleware/errorHandler.ts(13,3): error TS6133: 'next' is declared but its value is never read.\nsrc/middleware/errorHandler.ts(43,3): error TS6133: 'res' is declared but its value is never read.\n\nTSError: ⨯ Unable to compile TypeScript:\nsrc/middleware/errorHandler.ts(13,3): error TS6133: 'next' is declared but its value is never read.\nsrc/middleware/errorHandler.ts(43,3): error TS6133: 'res' is declared but its value is never read.\n\n    at createTSError (/app/node_modules/ts-node/src/index.ts:859:12)\n    at reportTSError (/app/node_modules/ts-node/src/index.ts:863:19)\n    at getOutput (/app/node_modules/ts-node/src/index.ts:1077:36)\n    at Object.compile (/app/node_modules/ts-node/src/index.ts:1433:41)\n    at Module.m._compile (/app/node_modules/ts-node/src/index.ts:1617:30)\n    at Module._extensions..js (node:internal/modules/cjs/loader:1422:10)\n    at Object.require.extensions.<computed> [as .ts] (/app/node_modules/ts-node/src/index.ts:1621:12)\n    at Module.load (node:internal/modules/cjs/loader:1203:32)\n    at Function.Module._load (node:internal/modules/cjs/loader:1019:12)\n    at Module.require (node:internal/modules/cjs/loader:1231:19)","os":{"loadavg":[3.88,2.49,1.45],"uptime":1508.57},"process":{"argv":["/app/node_modules/ts-node/dist/bin.js","/app/src/index.ts"],"cwd":"/app","execPath":"/usr/local/bin/node","gid":0,"memoryUsage":{"arrayBuffers":2854099,"external":6258802,"heapTotal":293490688,"heapUsed":265218768,"rss":349155328},"pid":34,"uid":0,"version":"v18.20.8"},"service":"incident-response-api","stack":"TSError: ⨯ Unable to compile TypeScript:\nsrc/middleware/errorHandler.ts(13,3): error TS6133: 'next' is declared but its value is never read.\nsrc/middleware/errorHandler.ts(43,3): error TS6133: 'res' is declared but its value is never read.\n\n    at createTSError (/app/node_modules/ts-node/src/index.ts:859:12)\n    at reportTSError (/app/node_modules/ts-node/src/index.ts:863:19)\n    at getOutput (/app/node_modules/ts-node/src/index.ts:1077:36)\n    at Object.compile (/app/node_modules/ts-node/src/index.ts:1433:41)\n    at Module.m._compile (/app/node_modules/ts-node/src/index.ts:1617:30)\n    at Module._extensions..js (node:internal/modules/cjs/loader:1422:10)\n    at Object.require.extensions.<computed> [as .ts] (/app/node_modules/ts-node/src/index.ts:1621:12)\n    at Module.load (node:internal/modules/cjs/loader:1203:32)\n    at Function.Module._load (node:internal/modules/cjs/loader:1019:12)\n    at Module.require (node:internal/modules/cjs/loader:1231:19)","timestamp":"2025-07-08 05:36:51","trace":[{"column":12,"file":"/app/node_modules/ts-node/src/index.ts","function":"createTSError","line":859,"method":null,"native":false},{"column":19,"file":"/app/node_modules/ts-node/src/index.ts","function":"reportTSError","line":863,"method":null,"native":false},{"column":36,"file":"/app/node_modules/ts-node/src/index.ts","function":"getOutput","line":1077,"method":null,"native":false},{"column":41,"file":"/app/node_modules/ts-node/src/index.ts","function":"Object.compile","line":1433,"method":"compile","native":false},{"column":30,"file":"/app/node_modules/ts-node/src/index.ts","function":"Module.m._compile","line":1617,"method":"_compile","native":false},{"column":10,"file":"node:internal/modules/cjs/loader","function":"Module._extensions..js","line":1422,"method":".js","native":false},{"column":12,"file":"/app/node_modules/ts-node/src/index.ts","function":"Object.require.extensions.<computed> [as .ts]","line":1621,"method":"ts]","native":false},{"column":32,"file":"node:internal/modules/cjs/loader","function":"Module.load","line":1203,"method":"load","native":false},{"column":12,"file":"node:internal/modules/cjs/loader","function":"Module._load","line":1019,"method":"_load","native":false},{"column":19,"file":"node:internal/modules/cjs/loader","function":"Module.require","line":1231,"method":"require","native":false}]}
{"date":"Tue Jul 08 2025 05:46:43 GMT+0000 (Coordinated Universal Time)","error":{"diagnosticCodes":[6133,6133]},"exception":true,"level":"error","message":"uncaughtException: ⨯ Unable to compile TypeScript:\nsrc/middleware/errorHandler.ts(13,3): error TS6133: 'next' is declared but its value is never read.\nsrc/middleware/errorHandler.ts(43,3): error TS6133: 'res' is declared but its value is never read.\n\nTSError: ⨯ Unable to compile TypeScript:\nsrc/middleware/errorHandler.ts(13,3): error TS6133: 'next' is declared but its value is never read.\nsrc/middleware/errorHandler.ts(43,3): error TS6133: 'res' is declared but its value is never read.\n\n    at createTSError (/app/node_modules/ts-node/src/index.ts:859:12)\n    at reportTSError (/app/node_modules/ts-node/src/index.ts:863:19)\n    at getOutput (/app/node_modules/ts-node/src/index.ts:1077:36)\n    at Object.compile (/app/node_modules/ts-node/src/index.ts:1433:41)\n    at Module.m._compile (/app/node_modules/ts-node/src/index.ts:1617:30)\n    at Module._extensions..js (node:internal/modules/cjs/loader:1422:10)\n    at Object.require.extensions.<computed> [as .ts] (/app/node_modules/ts-node/src/index.ts:1621:12)\n    at Module.load (node:internal/modules/cjs/loader:1203:32)\n    at Function.Module._load (node:internal/modules/cjs/loader:1019:12)\n    at Module.require (node:internal/modules/cjs/loader:1231:19)","os":{"loadavg":[6.88,3.35,2.05],"uptime":2101.15},"process":{"argv":["/app/node_modules/ts-node/dist/bin.js","/app/src/index.ts"],"cwd":"/app","execPath":"/usr/local/bin/node","gid":0,"memoryUsage":{"arrayBuffers":2830114,"external":6234817,"heapTotal":293490688,"heapUsed":264682208,"rss":349351936},"pid":35,"uid":0,"version":"v18.20.8"},"service":"incident-response-api","stack":"TSError: ⨯ Unable to compile TypeScript:\nsrc/middleware/errorHandler.ts(13,3): error TS6133: 'next' is declared but its value is never read.\nsrc/middleware/errorHandler.ts(43,3): error TS6133: 'res' is declared but its value is never read.\n\n    at createTSError (/app/node_modules/ts-node/src/index.ts:859:12)\n    at reportTSError (/app/node_modules/ts-node/src/index.ts:863:19)\n    at getOutput (/app/node_modules/ts-node/src/index.ts:1077:36)\n    at Object.compile (/app/node_modules/ts-node/src/index.ts:1433:41)\n    at Module.m._compile (/app/node_modules/ts-node/src/index.ts:1617:30)\n    at Module._extensions..js (node:internal/modules/cjs/loader:1422:10)\n    at Object.require.extensions.<computed> [as .ts] (/app/node_modules/ts-node/src/index.ts:1621:12)\n    at Module.load (node:internal/modules/cjs/loader:1203:32)\n    at Function.Module._load (node:internal/modules/cjs/loader:1019:12)\n    at Module.require (node:internal/modules/cjs/loader:1231:19)","timestamp":"2025-07-08 05:46:43","trace":[{"column":12,"file":"/app/node_modules/ts-node/src/index.ts","function":"createTSError","line":859,"method":null,"native":false},{"column":19,"file":"/app/node_modules/ts-node/src/index.ts","function":"reportTSError","line":863,"method":null,"native":false},{"column":36,"file":"/app/node_modules/ts-node/src/index.ts","function":"getOutput","line":1077,"method":null,"native":false},{"column":41,"file":"/app/node_modules/ts-node/src/index.ts","function":"Object.compile","line":1433,"method":"compile","native":false},{"column":30,"file":"/app/node_modules/ts-node/src/index.ts","function":"Module.m._compile","line":1617,"method":"_compile","native":false},{"column":10,"file":"node:internal/modules/cjs/loader","function":"Module._extensions..js","line":1422,"method":".js","native":false},{"column":12,"file":"/app/node_modules/ts-node/src/index.ts","function":"Object.require.extensions.<computed> [as .ts]","line":1621,"method":"ts]","native":false},{"column":32,"file":"node:internal/modules/cjs/loader","function":"Module.load","line":1203,"method":"load","native":false},{"column":12,"file":"node:internal/modules/cjs/loader","function":"Module._load","line":1019,"method":"_load","native":false},{"column":19,"file":"node:internal/modules/cjs/loader","function":"Module.require","line":1231,"method":"require","native":false}]}
{"date":"Tue Jul 08 2025 07:47:15 GMT+0000 (Coordinated Universal Time)","error":{"diagnosticCodes":[6133,6133]},"exception":true,"level":"error","message":"uncaughtException: ⨯ Unable to compile TypeScript:\nsrc/middleware/errorHandler.ts(13,3): error TS6133: 'next' is declared but its value is never read.\nsrc/middleware/errorHandler.ts(43,3): error TS6133: 'res' is declared but its value is never read.\n\nTSError: ⨯ Unable to compile TypeScript:\nsrc/middleware/errorHandler.ts(13,3): error TS6133: 'next' is declared but its value is never read.\nsrc/middleware/errorHandler.ts(43,3): error TS6133: 'res' is declared but its value is never read.\n\n    at createTSError (/app/node_modules/ts-node/src/index.ts:859:12)\n    at reportTSError (/app/node_modules/ts-node/src/index.ts:863:19)\n    at getOutput (/app/node_modules/ts-node/src/index.ts:1077:36)\n    at Object.compile (/app/node_modules/ts-node/src/index.ts:1433:41)\n    at Module.m._compile (/app/node_modules/ts-node/src/index.ts:1617:30)\n    at Module._extensions..js (node:internal/modules/cjs/loader:1422:10)\n    at Object.require.extensions.<computed> [as .ts] (/app/node_modules/ts-node/src/index.ts:1621:12)\n    at Module.load (node:internal/modules/cjs/loader:1203:32)\n    at Function.Module._load (node:internal/modules/cjs/loader:1019:12)\n    at Module.require (node:internal/modules/cjs/loader:1231:19)","os":{"loadavg":[7.98,2.96,1.2],"uptime":9333.71},"process":{"argv":["/app/node_modules/ts-node/dist/bin.js","/app/src/index.ts"],"cwd":"/app","execPath":"/usr/local/bin/node","gid":0,"memoryUsage":{"arrayBuffers":2424574,"external":6523337,"heapTotal":296693760,"heapUsed":261390264,"rss":348160000},"pid":36,"uid":0,"version":"v18.20.8"},"service":"incident-response-api","stack":"TSError: ⨯ Unable to compile TypeScript:\nsrc/middleware/errorHandler.ts(13,3): error TS6133: 'next' is declared but its value is never read.\nsrc/middleware/errorHandler.ts(43,3): error TS6133: 'res' is declared but its value is never read.\n\n    at createTSError (/app/node_modules/ts-node/src/index.ts:859:12)\n    at reportTSError (/app/node_modules/ts-node/src/index.ts:863:19)\n    at getOutput (/app/node_modules/ts-node/src/index.ts:1077:36)\n    at Object.compile (/app/node_modules/ts-node/src/index.ts:1433:41)\n    at Module.m._compile (/app/node_modules/ts-node/src/index.ts:1617:30)\n    at Module._extensions..js (node:internal/modules/cjs/loader:1422:10)\n    at Object.require.extensions.<computed> [as .ts] (/app/node_modules/ts-node/src/index.ts:1621:12)\n    at Module.load (node:internal/modules/cjs/loader:1203:32)\n    at Function.Module._load (node:internal/modules/cjs/loader:1019:12)\n    at Module.require (node:internal/modules/cjs/loader:1231:19)","timestamp":"2025-07-08 07:47:15","trace":[{"column":12,"file":"/app/node_modules/ts-node/src/index.ts","function":"createTSError","line":859,"method":null,"native":false},{"column":19,"file":"/app/node_modules/ts-node/src/index.ts","function":"reportTSError","line":863,"method":null,"native":false},{"column":36,"file":"/app/node_modules/ts-node/src/index.ts","function":"getOutput","line":1077,"method":null,"native":false},{"column":41,"file":"/app/node_modules/ts-node/src/index.ts","function":"Object.compile","line":1433,"method":"compile","native":false},{"column":30,"file":"/app/node_modules/ts-node/src/index.ts","function":"Module.m._compile","line":1617,"method":"_compile","native":false},{"column":10,"file":"node:internal/modules/cjs/loader","function":"Module._extensions..js","line":1422,"method":".js","native":false},{"column":12,"file":"/app/node_modules/ts-node/src/index.ts","function":"Object.require.extensions.<computed> [as .ts]","line":1621,"method":"ts]","native":false},{"column":32,"file":"node:internal/modules/cjs/loader","function":"Module.load","line":1203,"method":"load","native":false},{"column":12,"file":"node:internal/modules/cjs/loader","function":"Module._load","line":1019,"method":"_load","native":false},{"column":19,"file":"node:internal/modules/cjs/loader","function":"Module.require","line":1231,"method":"require","native":false}]}
{"date":"Tue Jul 08 2025 07:49:53 GMT+0000 (Coordinated Universal Time)","error":{"diagnosticCodes":[6133,6133]},"exception":true,"level":"error","message":"uncaughtException: ⨯ Unable to compile TypeScript:\nsrc/middleware/errorHandler.ts(13,3): error TS6133: 'next' is declared but its value is never read.\nsrc/middleware/errorHandler.ts(43,3): error TS6133: 'res' is declared but its value is never read.\n\nTSError: ⨯ Unable to compile TypeScript:\nsrc/middleware/errorHandler.ts(13,3): error TS6133: 'next' is declared but its value is never read.\nsrc/middleware/errorHandler.ts(43,3): error TS6133: 'res' is declared but its value is never read.\n\n    at createTSError (/app/node_modules/ts-node/src/index.ts:859:12)\n    at reportTSError (/app/node_modules/ts-node/src/index.ts:863:19)\n    at getOutput (/app/node_modules/ts-node/src/index.ts:1077:36)\n    at Object.compile (/app/node_modules/ts-node/src/index.ts:1433:41)\n    at Module.m._compile (/app/node_modules/ts-node/src/index.ts:1617:30)\n    at Module._extensions..js (node:internal/modules/cjs/loader:1422:10)\n    at Object.require.extensions.<computed> [as .ts] (/app/node_modules/ts-node/src/index.ts:1621:12)\n    at Module.load (node:internal/modules/cjs/loader:1203:32)\n    at Function.Module._load (node:internal/modules/cjs/loader:1019:12)\n    at Module.require (node:internal/modules/cjs/loader:1231:19)","os":{"loadavg":[5.12,3.17,1.52],"uptime":9491.39},"process":{"argv":["/app/node_modules/ts-node/dist/bin.js","/app/src/index.ts"],"cwd":"/app","execPath":"/usr/local/bin/node","gid":0,"memoryUsage":{"arrayBuffers":3094034,"external":6498737,"heapTotal":291450880,"heapUsed":268573944,"rss":340148224},"pid":36,"uid":0,"version":"v18.20.8"},"service":"incident-response-api","stack":"TSError: ⨯ Unable to compile TypeScript:\nsrc/middleware/errorHandler.ts(13,3): error TS6133: 'next' is declared but its value is never read.\nsrc/middleware/errorHandler.ts(43,3): error TS6133: 'res' is declared but its value is never read.\n\n    at createTSError (/app/node_modules/ts-node/src/index.ts:859:12)\n    at reportTSError (/app/node_modules/ts-node/src/index.ts:863:19)\n    at getOutput (/app/node_modules/ts-node/src/index.ts:1077:36)\n    at Object.compile (/app/node_modules/ts-node/src/index.ts:1433:41)\n    at Module.m._compile (/app/node_modules/ts-node/src/index.ts:1617:30)\n    at Module._extensions..js (node:internal/modules/cjs/loader:1422:10)\n    at Object.require.extensions.<computed> [as .ts] (/app/node_modules/ts-node/src/index.ts:1621:12)\n    at Module.load (node:internal/modules/cjs/loader:1203:32)\n    at Function.Module._load (node:internal/modules/cjs/loader:1019:12)\n    at Module.require (node:internal/modules/cjs/loader:1231:19)","timestamp":"2025-07-08 07:49:53","trace":[{"column":12,"file":"/app/node_modules/ts-node/src/index.ts","function":"createTSError","line":859,"method":null,"native":false},{"column":19,"file":"/app/node_modules/ts-node/src/index.ts","function":"reportTSError","line":863,"method":null,"native":false},{"column":36,"file":"/app/node_modules/ts-node/src/index.ts","function":"getOutput","line":1077,"method":null,"native":false},{"column":41,"file":"/app/node_modules/ts-node/src/index.ts","function":"Object.compile","line":1433,"method":"compile","native":false},{"column":30,"file":"/app/node_modules/ts-node/src/index.ts","function":"Module.m._compile","line":1617,"method":"_compile","native":false},{"column":10,"file":"node:internal/modules/cjs/loader","function":"Module._extensions..js","line":1422,"method":".js","native":false},{"column":12,"file":"/app/node_modules/ts-node/src/index.ts","function":"Object.require.extensions.<computed> [as .ts]","line":1621,"method":"ts]","native":false},{"column":32,"file":"node:internal/modules/cjs/loader","function":"Module.load","line":1203,"method":"load","native":false},{"column":12,"file":"node:internal/modules/cjs/loader","function":"Module._load","line":1019,"method":"_load","native":false},{"column":19,"file":"node:internal/modules/cjs/loader","function":"Module.require","line":1231,"method":"require","native":false}]}
{"date":"Tue Jul 08 2025 11:43:09 GMT+0300 (East Africa Time)","error":{"diagnosticCodes":[6133,6133]},"exception":true,"level":"error","message":"uncaughtException: ⨯ Unable to compile TypeScript:\n\u001b[96msrc/middleware/errorHandler.ts\u001b[0m:\u001b[93m13\u001b[0m:\u001b[93m3\u001b[0m - \u001b[91merror\u001b[0m\u001b[90m TS6133: \u001b[0m'next' is declared but its value is never read.\r\n\r\n\u001b[7m13\u001b[0m   next: NextFunction\r\n\u001b[7m  \u001b[0m \u001b[91m  ~~~~\u001b[0m\r\n\u001b[96msrc/middleware/errorHandler.ts\u001b[0m:\u001b[93m43\u001b[0m:\u001b[93m3\u001b[0m - \u001b[91merror\u001b[0m\u001b[90m TS6133: \u001b[0m'res' is declared but its value is never read.\r\n\r\n\u001b[7m43\u001b[0m   res: Response,\r\n\u001b[7m  \u001b[0m \u001b[91m  ~~~\u001b[0m\r\n\nTSError: ⨯ Unable to compile TypeScript:\n\u001b[96msrc/middleware/errorHandler.ts\u001b[0m:\u001b[93m13\u001b[0m:\u001b[93m3\u001b[0m - \u001b[91merror\u001b[0m\u001b[90m TS6133: \u001b[0m'next' is declared but its value is never read.\r\n\r\n\u001b[7m13\u001b[0m   next: NextFunction\r\n\u001b[7m  \u001b[0m \u001b[91m  ~~~~\u001b[0m\r\n\u001b[96msrc/middleware/errorHandler.ts\u001b[0m:\u001b[93m43\u001b[0m:\u001b[93m3\u001b[0m - \u001b[91merror\u001b[0m\u001b[90m TS6133: \u001b[0m'res' is declared but its value is never read.\r\n\r\n\u001b[7m43\u001b[0m   res: Response,\r\n\u001b[7m  \u001b[0m \u001b[91m  ~~~\u001b[0m\r\n\n    at createTSError (C:\\Users\\itadmin\\Documents\\Secure Cloud-Integrated Incident Response & Analytics Platform\\backend\\node_modules\\ts-node\\src\\index.ts:859:12)\n    at reportTSError (C:\\Users\\itadmin\\Documents\\Secure Cloud-Integrated Incident Response & Analytics Platform\\backend\\node_modules\\ts-node\\src\\index.ts:863:19)\n    at getOutput (C:\\Users\\itadmin\\Documents\\Secure Cloud-Integrated Incident Response & Analytics Platform\\backend\\node_modules\\ts-node\\src\\index.ts:1077:36)\n    at Object.compile (C:\\Users\\itadmin\\Documents\\Secure Cloud-Integrated Incident Response & Analytics Platform\\backend\\node_modules\\ts-node\\src\\index.ts:1433:41)\n    at Module.m._compile (C:\\Users\\itadmin\\Documents\\Secure Cloud-Integrated Incident Response & Analytics Platform\\backend\\node_modules\\ts-node\\src\\index.ts:1617:30)\n    at node:internal/modules/cjs/loader:1895:10\n    at Object.require.extensions.<computed> [as .ts] (C:\\Users\\itadmin\\Documents\\Secure Cloud-Integrated Incident Response & Analytics Platform\\backend\\node_modules\\ts-node\\src\\index.ts:1621:12)\n    at Module.load (node:internal/modules/cjs/loader:1465:32)\n    at Function._load (node:internal/modules/cjs/loader:1282:12)\n    at TracingChannel.traceSync (node:diagnostics_channel:322:14)","os":{"loadavg":[0,0,0],"uptime":13092.703},"process":{"argv":["C:\\Users\\itadmin\\Documents\\Secure Cloud-Integrated Incident Response & Analytics Platform\\backend\\node_modules\\ts-node\\dist\\bin.js","C:\\Users\\itadmin\\Documents\\Secure Cloud-Integrated Incident Response & Analytics Platform\\backend\\src\\index.ts"],"cwd":"C:\\Users\\itadmin\\Documents\\Secure Cloud-Integrated Incident Response & Analytics Platform\\backend","execPath":"C:\\Program Files\\nodejs\\node.exe","gid":null,"memoryUsage":{"arrayBuffers":2526014,"external":5685111,"heapTotal":414314496,"heapUsed":376970472,"rss":473124864},"pid":7372,"uid":null,"version":"v22.17.0"},"service":"incident-response-api","stack":"TSError: ⨯ Unable to compile TypeScript:\n\u001b[96msrc/middleware/errorHandler.ts\u001b[0m:\u001b[93m13\u001b[0m:\u001b[93m3\u001b[0m - \u001b[91merror\u001b[0m\u001b[90m TS6133: \u001b[0m'next' is declared but its value is never read.\r\n\r\n\u001b[7m13\u001b[0m   next: NextFunction\r\n\u001b[7m  \u001b[0m \u001b[91m  ~~~~\u001b[0m\r\n\u001b[96msrc/middleware/errorHandler.ts\u001b[0m:\u001b[93m43\u001b[0m:\u001b[93m3\u001b[0m - \u001b[91merror\u001b[0m\u001b[90m TS6133: \u001b[0m'res' is declared but its value is never read.\r\n\r\n\u001b[7m43\u001b[0m   res: Response,\r\n\u001b[7m  \u001b[0m \u001b[91m  ~~~\u001b[0m\r\n\n    at createTSError (C:\\Users\\itadmin\\Documents\\Secure Cloud-Integrated Incident Response & Analytics Platform\\backend\\node_modules\\ts-node\\src\\index.ts:859:12)\n    at reportTSError (C:\\Users\\itadmin\\Documents\\Secure Cloud-Integrated Incident Response & Analytics Platform\\backend\\node_modules\\ts-node\\src\\index.ts:863:19)\n    at getOutput (C:\\Users\\itadmin\\Documents\\Secure Cloud-Integrated Incident Response & Analytics Platform\\backend\\node_modules\\ts-node\\src\\index.ts:1077:36)\n    at Object.compile (C:\\Users\\itadmin\\Documents\\Secure Cloud-Integrated Incident Response & Analytics Platform\\backend\\node_modules\\ts-node\\src\\index.ts:1433:41)\n    at Module.m._compile (C:\\Users\\itadmin\\Documents\\Secure Cloud-Integrated Incident Response & Analytics Platform\\backend\\node_modules\\ts-node\\src\\index.ts:1617:30)\n    at node:internal/modules/cjs/loader:1895:10\n    at Object.require.extensions.<computed> [as .ts] (C:\\Users\\itadmin\\Documents\\Secure Cloud-Integrated Incident Response & Analytics Platform\\backend\\node_modules\\ts-node\\src\\index.ts:1621:12)\n    at Module.load (node:internal/modules/cjs/loader:1465:32)\n    at Function._load (node:internal/modules/cjs/loader:1282:12)\n    at TracingChannel.traceSync (node:diagnostics_channel:322:14)","timestamp":"2025-07-08 11:43:10","trace":[{"column":12,"file":"C:\\Users\\itadmin\\Documents\\Secure Cloud-Integrated Incident Response & Analytics Platform\\backend\\node_modules\\ts-node\\src\\index.ts","function":"createTSError","line":859,"method":null,"native":false},{"column":19,"file":"C:\\Users\\itadmin\\Documents\\Secure Cloud-Integrated Incident Response & Analytics Platform\\backend\\node_modules\\ts-node\\src\\index.ts","function":"reportTSError","line":863,"method":null,"native":false},{"column":36,"file":"C:\\Users\\itadmin\\Documents\\Secure Cloud-Integrated Incident Response & Analytics Platform\\backend\\node_modules\\ts-node\\src\\index.ts","function":"getOutput","line":1077,"method":null,"native":false},{"column":41,"file":"C:\\Users\\itadmin\\Documents\\Secure Cloud-Integrated Incident Response & Analytics Platform\\backend\\node_modules\\ts-node\\src\\index.ts","function":"Object.compile","line":1433,"method":"compile","native":false},{"column":30,"file":"C:\\Users\\itadmin\\Documents\\Secure Cloud-Integrated Incident Response & Analytics Platform\\backend\\node_modules\\ts-node\\src\\index.ts","function":"Module.m._compile","line":1617,"method":"_compile","native":false},{"column":10,"file":"node:internal/modules/cjs/loader","function":null,"line":1895,"method":null,"native":false},{"column":12,"file":"C:\\Users\\itadmin\\Documents\\Secure Cloud-Integrated Incident Response & Analytics Platform\\backend\\node_modules\\ts-node\\src\\index.ts","function":"Object.require.extensions.<computed> [as .ts]","line":1621,"method":"ts]","native":false},{"column":32,"file":"node:internal/modules/cjs/loader","function":"Module.load","line":1465,"method":"load","native":false},{"column":12,"file":"node:internal/modules/cjs/loader","function":"Function._load","line":1282,"method":"_load","native":false},{"column":14,"file":"node:diagnostics_channel","function":"TracingChannel.traceSync","line":322,"method":"traceSync","native":false}]}
{"date":"Wed Jul 09 2025 05:46:15 GMT+0000 (Coordinated Universal Time)","error":{"diagnosticCodes":[6133,6133]},"exception":true,"level":"error","message":"uncaughtException: ⨯ Unable to compile TypeScript:\nsrc/middleware/errorHandler.ts(13,3): error TS6133: 'next' is declared but its value is never read.\nsrc/middleware/errorHandler.ts(43,3): error TS6133: 'res' is declared but its value is never read.\n\nTSError: ⨯ Unable to compile TypeScript:\nsrc/middleware/errorHandler.ts(13,3): error TS6133: 'next' is declared but its value is never read.\nsrc/middleware/errorHandler.ts(43,3): error TS6133: 'res' is declared but its value is never read.\n\n    at createTSError (/app/node_modules/ts-node/src/index.ts:859:12)\n    at reportTSError (/app/node_modules/ts-node/src/index.ts:863:19)\n    at getOutput (/app/node_modules/ts-node/src/index.ts:1077:36)\n    at Object.compile (/app/node_modules/ts-node/src/index.ts:1433:41)\n    at Module.m._compile (/app/node_modules/ts-node/src/index.ts:1617:30)\n    at Module._extensions..js (node:internal/modules/cjs/loader:1422:10)\n    at Object.require.extensions.<computed> [as .ts] (/app/node_modules/ts-node/src/index.ts:1621:12)\n    at Module.load (node:internal/modules/cjs/loader:1203:32)\n    at Function.Module._load (node:internal/modules/cjs/loader:1019:12)\n    at Module.require (node:internal/modules/cjs/loader:1231:19)","os":{"loadavg":[7.92,3.07,1.16],"uptime":356.58},"process":{"argv":["/app/node_modules/ts-node/dist/bin.js","/app/src/index.ts"],"cwd":"/app","execPath":"/usr/local/bin/node","gid":0,"memoryUsage":{"arrayBuffers":2560220,"external":5964923,"heapTotal":296169472,"heapUsed":261636064,"rss":353083392},"pid":35,"uid":0,"version":"v18.20.8"},"service":"incident-response-api","stack":"TSError: ⨯ Unable to compile TypeScript:\nsrc/middleware/errorHandler.ts(13,3): error TS6133: 'next' is declared but its value is never read.\nsrc/middleware/errorHandler.ts(43,3): error TS6133: 'res' is declared but its value is never read.\n\n    at createTSError (/app/node_modules/ts-node/src/index.ts:859:12)\n    at reportTSError (/app/node_modules/ts-node/src/index.ts:863:19)\n    at getOutput (/app/node_modules/ts-node/src/index.ts:1077:36)\n    at Object.compile (/app/node_modules/ts-node/src/index.ts:1433:41)\n    at Module.m._compile (/app/node_modules/ts-node/src/index.ts:1617:30)\n    at Module._extensions..js (node:internal/modules/cjs/loader:1422:10)\n    at Object.require.extensions.<computed> [as .ts] (/app/node_modules/ts-node/src/index.ts:1621:12)\n    at Module.load (node:internal/modules/cjs/loader:1203:32)\n    at Function.Module._load (node:internal/modules/cjs/loader:1019:12)\n    at Module.require (node:internal/modules/cjs/loader:1231:19)","timestamp":"2025-07-09 05:46:15","trace":[{"column":12,"file":"/app/node_modules/ts-node/src/index.ts","function":"createTSError","line":859,"method":null,"native":false},{"column":19,"file":"/app/node_modules/ts-node/src/index.ts","function":"reportTSError","line":863,"method":null,"native":false},{"column":36,"file":"/app/node_modules/ts-node/src/index.ts","function":"getOutput","line":1077,"method":null,"native":false},{"column":41,"file":"/app/node_modules/ts-node/src/index.ts","function":"Object.compile","line":1433,"method":"compile","native":false},{"column":30,"file":"/app/node_modules/ts-node/src/index.ts","function":"Module.m._compile","line":1617,"method":"_compile","native":false},{"column":10,"file":"node:internal/modules/cjs/loader","function":"Module._extensions..js","line":1422,"method":".js","native":false},{"column":12,"file":"/app/node_modules/ts-node/src/index.ts","function":"Object.require.extensions.<computed> [as .ts]","line":1621,"method":"ts]","native":false},{"column":32,"file":"node:internal/modules/cjs/loader","function":"Module.load","line":1203,"method":"load","native":false},{"column":12,"file":"node:internal/modules/cjs/loader","function":"Module._load","line":1019,"method":"_load","native":false},{"column":19,"file":"node:internal/modules/cjs/loader","function":"Module.require","line":1231,"method":"require","native":false}]}
{"date":"Wed Jul 09 2025 07:36:53 GMT+0000 (Coordinated Universal Time)","error":{"diagnosticCodes":[6133,6133]},"exception":true,"level":"error","message":"uncaughtException: ⨯ Unable to compile TypeScript:\nsrc/middleware/errorHandler.ts(13,3): error TS6133: 'next' is declared but its value is never read.\nsrc/middleware/errorHandler.ts(43,3): error TS6133: 'res' is declared but its value is never read.\n\nTSError: ⨯ Unable to compile TypeScript:\nsrc/middleware/errorHandler.ts(13,3): error TS6133: 'next' is declared but its value is never read.\nsrc/middleware/errorHandler.ts(43,3): error TS6133: 'res' is declared but its value is never read.\n\n    at createTSError (/app/node_modules/ts-node/src/index.ts:859:12)\n    at reportTSError (/app/node_modules/ts-node/src/index.ts:863:19)\n    at getOutput (/app/node_modules/ts-node/src/index.ts:1077:36)\n    at Object.compile (/app/node_modules/ts-node/src/index.ts:1433:41)\n    at Module.m._compile (/app/node_modules/ts-node/src/index.ts:1617:30)\n    at Module._extensions..js (node:internal/modules/cjs/loader:1422:10)\n    at Object.require.extensions.<computed> [as .ts] (/app/node_modules/ts-node/src/index.ts:1621:12)\n    at Module.load (node:internal/modules/cjs/loader:1203:32)\n    at Function.Module._load (node:internal/modules/cjs/loader:1019:12)\n    at Module.require (node:internal/modules/cjs/loader:1231:19)","os":{"loadavg":[6.78,2.55,0.99],"uptime":6994.92},"process":{"argv":["/app/node_modules/ts-node/dist/bin.js","/app/src/index.ts"],"cwd":"/app","execPath":"/usr/local/bin/node","gid":0,"memoryUsage":{"arrayBuffers":2560444,"external":6523425,"heapTotal":297218048,"heapUsed":261789488,"rss":353841152},"pid":36,"uid":0,"version":"v18.20.8"},"service":"incident-response-api","stack":"TSError: ⨯ Unable to compile TypeScript:\nsrc/middleware/errorHandler.ts(13,3): error TS6133: 'next' is declared but its value is never read.\nsrc/middleware/errorHandler.ts(43,3): error TS6133: 'res' is declared but its value is never read.\n\n    at createTSError (/app/node_modules/ts-node/src/index.ts:859:12)\n    at reportTSError (/app/node_modules/ts-node/src/index.ts:863:19)\n    at getOutput (/app/node_modules/ts-node/src/index.ts:1077:36)\n    at Object.compile (/app/node_modules/ts-node/src/index.ts:1433:41)\n    at Module.m._compile (/app/node_modules/ts-node/src/index.ts:1617:30)\n    at Module._extensions..js (node:internal/modules/cjs/loader:1422:10)\n    at Object.require.extensions.<computed> [as .ts] (/app/node_modules/ts-node/src/index.ts:1621:12)\n    at Module.load (node:internal/modules/cjs/loader:1203:32)\n    at Function.Module._load (node:internal/modules/cjs/loader:1019:12)\n    at Module.require (node:internal/modules/cjs/loader:1231:19)","timestamp":"2025-07-09 07:36:53","trace":[{"column":12,"file":"/app/node_modules/ts-node/src/index.ts","function":"createTSError","line":859,"method":null,"native":false},{"column":19,"file":"/app/node_modules/ts-node/src/index.ts","function":"reportTSError","line":863,"method":null,"native":false},{"column":36,"file":"/app/node_modules/ts-node/src/index.ts","function":"getOutput","line":1077,"method":null,"native":false},{"column":41,"file":"/app/node_modules/ts-node/src/index.ts","function":"Object.compile","line":1433,"method":"compile","native":false},{"column":30,"file":"/app/node_modules/ts-node/src/index.ts","function":"Module.m._compile","line":1617,"method":"_compile","native":false},{"column":10,"file":"node:internal/modules/cjs/loader","function":"Module._extensions..js","line":1422,"method":".js","native":false},{"column":12,"file":"/app/node_modules/ts-node/src/index.ts","function":"Object.require.extensions.<computed> [as .ts]","line":1621,"method":"ts]","native":false},{"column":32,"file":"node:internal/modules/cjs/loader","function":"Module.load","line":1203,"method":"load","native":false},{"column":12,"file":"node:internal/modules/cjs/loader","function":"Module._load","line":1019,"method":"_load","native":false},{"column":19,"file":"node:internal/modules/cjs/loader","function":"Module.require","line":1231,"method":"require","native":false}]}
{"date":"Wed Jul 09 2025 07:37:40 GMT+0000 (Coordinated Universal Time)","error":{"diagnosticCodes":[6133,6133]},"exception":true,"level":"error","message":"uncaughtException: ⨯ Unable to compile TypeScript:\nsrc/middleware/errorHandler.ts(13,3): error TS6133: 'next' is declared but its value is never read.\nsrc/middleware/errorHandler.ts(43,3): error TS6133: 'res' is declared but its value is never read.\n\nTSError: ⨯ Unable to compile TypeScript:\nsrc/middleware/errorHandler.ts(13,3): error TS6133: 'next' is declared but its value is never read.\nsrc/middleware/errorHandler.ts(43,3): error TS6133: 'res' is declared but its value is never read.\n\n    at createTSError (/app/node_modules/ts-node/src/index.ts:859:12)\n    at reportTSError (/app/node_modules/ts-node/src/index.ts:863:19)\n    at getOutput (/app/node_modules/ts-node/src/index.ts:1077:36)\n    at Object.compile (/app/node_modules/ts-node/src/index.ts:1433:41)\n    at Module.m._compile (/app/node_modules/ts-node/src/index.ts:1617:30)\n    at Module._extensions..js (node:internal/modules/cjs/loader:1422:10)\n    at Object.require.extensions.<computed> [as .ts] (/app/node_modules/ts-node/src/index.ts:1621:12)\n    at Module.load (node:internal/modules/cjs/loader:1203:32)\n    at Function.Module._load (node:internal/modules/cjs/loader:1019:12)\n    at Module.require (node:internal/modules/cjs/loader:1231:19)","os":{"loadavg":[5.91,2.99,1.22],"uptime":7042.49},"process":{"argv":["/app/node_modules/ts-node/dist/bin.js","/app/src/index.ts"],"cwd":"/app","execPath":"/usr/local/bin/node","gid":0,"memoryUsage":{"arrayBuffers":4877900,"external":8282603,"heapTotal":296693760,"heapUsed":261909440,"rss":356229120},"pid":34,"uid":0,"version":"v18.20.8"},"service":"incident-response-api","stack":"TSError: ⨯ Unable to compile TypeScript:\nsrc/middleware/errorHandler.ts(13,3): error TS6133: 'next' is declared but its value is never read.\nsrc/middleware/errorHandler.ts(43,3): error TS6133: 'res' is declared but its value is never read.\n\n    at createTSError (/app/node_modules/ts-node/src/index.ts:859:12)\n    at reportTSError (/app/node_modules/ts-node/src/index.ts:863:19)\n    at getOutput (/app/node_modules/ts-node/src/index.ts:1077:36)\n    at Object.compile (/app/node_modules/ts-node/src/index.ts:1433:41)\n    at Module.m._compile (/app/node_modules/ts-node/src/index.ts:1617:30)\n    at Module._extensions..js (node:internal/modules/cjs/loader:1422:10)\n    at Object.require.extensions.<computed> [as .ts] (/app/node_modules/ts-node/src/index.ts:1621:12)\n    at Module.load (node:internal/modules/cjs/loader:1203:32)\n    at Function.Module._load (node:internal/modules/cjs/loader:1019:12)\n    at Module.require (node:internal/modules/cjs/loader:1231:19)","timestamp":"2025-07-09 07:37:40","trace":[{"column":12,"file":"/app/node_modules/ts-node/src/index.ts","function":"createTSError","line":859,"method":null,"native":false},{"column":19,"file":"/app/node_modules/ts-node/src/index.ts","function":"reportTSError","line":863,"method":null,"native":false},{"column":36,"file":"/app/node_modules/ts-node/src/index.ts","function":"getOutput","line":1077,"method":null,"native":false},{"column":41,"file":"/app/node_modules/ts-node/src/index.ts","function":"Object.compile","line":1433,"method":"compile","native":false},{"column":30,"file":"/app/node_modules/ts-node/src/index.ts","function":"Module.m._compile","line":1617,"method":"_compile","native":false},{"column":10,"file":"node:internal/modules/cjs/loader","function":"Module._extensions..js","line":1422,"method":".js","native":false},{"column":12,"file":"/app/node_modules/ts-node/src/index.ts","function":"Object.require.extensions.<computed> [as .ts]","line":1621,"method":"ts]","native":false},{"column":32,"file":"node:internal/modules/cjs/loader","function":"Module.load","line":1203,"method":"load","native":false},{"column":12,"file":"node:internal/modules/cjs/loader","function":"Module._load","line":1019,"method":"_load","native":false},{"column":19,"file":"node:internal/modules/cjs/loader","function":"Module.require","line":1231,"method":"require","native":false}]}
{"date":"Thu Jul 10 2025 05:43:23 GMT+0000 (Coordinated Universal Time)","error":{"diagnosticCodes":[6133,6133]},"exception":true,"level":"error","message":"uncaughtException: ⨯ Unable to compile TypeScript:\nsrc/middleware/errorHandler.ts(13,3): error TS6133: 'next' is declared but its value is never read.\nsrc/middleware/errorHandler.ts(43,3): error TS6133: 'res' is declared but its value is never read.\n\nTSError: ⨯ Unable to compile TypeScript:\nsrc/middleware/errorHandler.ts(13,3): error TS6133: 'next' is declared but its value is never read.\nsrc/middleware/errorHandler.ts(43,3): error TS6133: 'res' is declared but its value is never read.\n\n    at createTSError (/app/node_modules/ts-node/src/index.ts:859:12)\n    at reportTSError (/app/node_modules/ts-node/src/index.ts:863:19)\n    at getOutput (/app/node_modules/ts-node/src/index.ts:1077:36)\n    at Object.compile (/app/node_modules/ts-node/src/index.ts:1433:41)\n    at Module.m._compile (/app/node_modules/ts-node/src/index.ts:1617:30)\n    at Module._extensions..js (node:internal/modules/cjs/loader:1422:10)\n    at Object.require.extensions.<computed> [as .ts] (/app/node_modules/ts-node/src/index.ts:1621:12)\n    at Module.load (node:internal/modules/cjs/loader:1203:32)\n    at Function.Module._load (node:internal/modules/cjs/loader:1019:12)\n    at Module.require (node:internal/modules/cjs/loader:1231:19)","os":{"loadavg":[6.77,2.94,1.35],"uptime":876.58},"process":{"argv":["/app/node_modules/ts-node/dist/bin.js","/app/src/index.ts"],"cwd":"/app","execPath":"/usr/local/bin/node","gid":0,"memoryUsage":{"arrayBuffers":2560300,"external":5965003,"heapTotal":298016768,"heapUsed":264425768,"rss":353275904},"pid":36,"uid":0,"version":"v18.20.8"},"service":"incident-response-api","stack":"TSError: ⨯ Unable to compile TypeScript:\nsrc/middleware/errorHandler.ts(13,3): error TS6133: 'next' is declared but its value is never read.\nsrc/middleware/errorHandler.ts(43,3): error TS6133: 'res' is declared but its value is never read.\n\n    at createTSError (/app/node_modules/ts-node/src/index.ts:859:12)\n    at reportTSError (/app/node_modules/ts-node/src/index.ts:863:19)\n    at getOutput (/app/node_modules/ts-node/src/index.ts:1077:36)\n    at Object.compile (/app/node_modules/ts-node/src/index.ts:1433:41)\n    at Module.m._compile (/app/node_modules/ts-node/src/index.ts:1617:30)\n    at Module._extensions..js (node:internal/modules/cjs/loader:1422:10)\n    at Object.require.extensions.<computed> [as .ts] (/app/node_modules/ts-node/src/index.ts:1621:12)\n    at Module.load (node:internal/modules/cjs/loader:1203:32)\n    at Function.Module._load (node:internal/modules/cjs/loader:1019:12)\n    at Module.require (node:internal/modules/cjs/loader:1231:19)","timestamp":"2025-07-10 05:43:23","trace":[{"column":12,"file":"/app/node_modules/ts-node/src/index.ts","function":"createTSError","line":859,"method":null,"native":false},{"column":19,"file":"/app/node_modules/ts-node/src/index.ts","function":"reportTSError","line":863,"method":null,"native":false},{"column":36,"file":"/app/node_modules/ts-node/src/index.ts","function":"getOutput","line":1077,"method":null,"native":false},{"column":41,"file":"/app/node_modules/ts-node/src/index.ts","function":"Object.compile","line":1433,"method":"compile","native":false},{"column":30,"file":"/app/node_modules/ts-node/src/index.ts","function":"Module.m._compile","line":1617,"method":"_compile","native":false},{"column":10,"file":"node:internal/modules/cjs/loader","function":"Module._extensions..js","line":1422,"method":".js","native":false},{"column":12,"file":"/app/node_modules/ts-node/src/index.ts","function":"Object.require.extensions.<computed> [as .ts]","line":1621,"method":"ts]","native":false},{"column":32,"file":"node:internal/modules/cjs/loader","function":"Module.load","line":1203,"method":"load","native":false},{"column":12,"file":"node:internal/modules/cjs/loader","function":"Module._load","line":1019,"method":"_load","native":false},{"column":19,"file":"node:internal/modules/cjs/loader","function":"Module.require","line":1231,"method":"require","native":false}]}
{"date":"Thu Jul 10 2025 06:14:11 GMT+0000 (Coordinated Universal Time)","error":{"diagnosticCodes":[6133,6133]},"exception":true,"level":"error","message":"uncaughtException: ⨯ Unable to compile TypeScript:\nsrc/middleware/errorHandler.ts(13,3): error TS6133: 'next' is declared but its value is never read.\nsrc/middleware/errorHandler.ts(43,3): error TS6133: 'res' is declared but its value is never read.\n\nTSError: ⨯ Unable to compile TypeScript:\nsrc/middleware/errorHandler.ts(13,3): error TS6133: 'next' is declared but its value is never read.\nsrc/middleware/errorHandler.ts(43,3): error TS6133: 'res' is declared but its value is never read.\n\n    at createTSError (/app/node_modules/ts-node/src/index.ts:859:12)\n    at reportTSError (/app/node_modules/ts-node/src/index.ts:863:19)\n    at getOutput (/app/node_modules/ts-node/src/index.ts:1077:36)\n    at Object.compile (/app/node_modules/ts-node/src/index.ts:1433:41)\n    at Module.m._compile (/app/node_modules/ts-node/src/index.ts:1617:30)\n    at Module._extensions..js (node:internal/modules/cjs/loader:1422:10)\n    at Object.require.extensions.<computed> [as .ts] (/app/node_modules/ts-node/src/index.ts:1621:12)\n    at Module.load (node:internal/modules/cjs/loader:1203:32)\n    at Function.Module._load (node:internal/modules/cjs/loader:1019:12)\n    at Module.require (node:internal/modules/cjs/loader:1231:19)","os":{"loadavg":[7.02,3.31,1.8],"uptime":2724.66},"process":{"argv":["/app/node_modules/ts-node/dist/bin.js","/app/src/index.ts"],"cwd":"/app","execPath":"/usr/local/bin/node","gid":0,"memoryUsage":{"arrayBuffers":2560348,"external":5965051,"heapTotal":297754624,"heapUsed":262850288,"rss":352735232},"pid":35,"uid":0,"version":"v18.20.8"},"service":"incident-response-api","stack":"TSError: ⨯ Unable to compile TypeScript:\nsrc/middleware/errorHandler.ts(13,3): error TS6133: 'next' is declared but its value is never read.\nsrc/middleware/errorHandler.ts(43,3): error TS6133: 'res' is declared but its value is never read.\n\n    at createTSError (/app/node_modules/ts-node/src/index.ts:859:12)\n    at reportTSError (/app/node_modules/ts-node/src/index.ts:863:19)\n    at getOutput (/app/node_modules/ts-node/src/index.ts:1077:36)\n    at Object.compile (/app/node_modules/ts-node/src/index.ts:1433:41)\n    at Module.m._compile (/app/node_modules/ts-node/src/index.ts:1617:30)\n    at Module._extensions..js (node:internal/modules/cjs/loader:1422:10)\n    at Object.require.extensions.<computed> [as .ts] (/app/node_modules/ts-node/src/index.ts:1621:12)\n    at Module.load (node:internal/modules/cjs/loader:1203:32)\n    at Function.Module._load (node:internal/modules/cjs/loader:1019:12)\n    at Module.require (node:internal/modules/cjs/loader:1231:19)","timestamp":"2025-07-10 06:14:11","trace":[{"column":12,"file":"/app/node_modules/ts-node/src/index.ts","function":"createTSError","line":859,"method":null,"native":false},{"column":19,"file":"/app/node_modules/ts-node/src/index.ts","function":"reportTSError","line":863,"method":null,"native":false},{"column":36,"file":"/app/node_modules/ts-node/src/index.ts","function":"getOutput","line":1077,"method":null,"native":false},{"column":41,"file":"/app/node_modules/ts-node/src/index.ts","function":"Object.compile","line":1433,"method":"compile","native":false},{"column":30,"file":"/app/node_modules/ts-node/src/index.ts","function":"Module.m._compile","line":1617,"method":"_compile","native":false},{"column":10,"file":"node:internal/modules/cjs/loader","function":"Module._extensions..js","line":1422,"method":".js","native":false},{"column":12,"file":"/app/node_modules/ts-node/src/index.ts","function":"Object.require.extensions.<computed> [as .ts]","line":1621,"method":"ts]","native":false},{"column":32,"file":"node:internal/modules/cjs/loader","function":"Module.load","line":1203,"method":"load","native":false},{"column":12,"file":"node:internal/modules/cjs/loader","function":"Module._load","line":1019,"method":"_load","native":false},{"column":19,"file":"node:internal/modules/cjs/loader","function":"Module.require","line":1231,"method":"require","native":false}]}
{"date":"Thu Jul 10 2025 06:30:46 GMT+0000 (Coordinated Universal Time)","error":{"diagnosticCodes":[6133,6133]},"exception":true,"level":"error","message":"uncaughtException: ⨯ Unable to compile TypeScript:\nsrc/middleware/errorHandler.ts(13,3): error TS6133: 'next' is declared but its value is never read.\nsrc/middleware/errorHandler.ts(43,3): error TS6133: 'res' is declared but its value is never read.\n\nTSError: ⨯ Unable to compile TypeScript:\nsrc/middleware/errorHandler.ts(13,3): error TS6133: 'next' is declared but its value is never read.\nsrc/middleware/errorHandler.ts(43,3): error TS6133: 'res' is declared but its value is never read.\n\n    at createTSError (/app/node_modules/ts-node/src/index.ts:859:12)\n    at reportTSError (/app/node_modules/ts-node/src/index.ts:863:19)\n    at getOutput (/app/node_modules/ts-node/src/index.ts:1077:36)\n    at Object.compile (/app/node_modules/ts-node/src/index.ts:1433:41)\n    at Module.m._compile (/app/node_modules/ts-node/src/index.ts:1617:30)\n    at Module._extensions..js (node:internal/modules/cjs/loader:1422:10)\n    at Object.require.extensions.<computed> [as .ts] (/app/node_modules/ts-node/src/index.ts:1621:12)\n    at Module.load (node:internal/modules/cjs/loader:1203:32)\n    at Function.Module._load (node:internal/modules/cjs/loader:1019:12)\n    at Module.require (node:internal/modules/cjs/loader:1231:19)","os":{"loadavg":[9.03,6.05,3.96],"uptime":3719.93},"process":{"argv":["/app/node_modules/ts-node/dist/bin.js","/app/src/index.ts"],"cwd":"/app","execPath":"/usr/local/bin/node","gid":0,"memoryUsage":{"arrayBuffers":3067437,"external":6472140,"heapTotal":291987456,"heapUsed":268599424,"rss":348037120},"pid":35,"uid":0,"version":"v18.20.8"},"service":"incident-response-api","stack":"TSError: ⨯ Unable to compile TypeScript:\nsrc/middleware/errorHandler.ts(13,3): error TS6133: 'next' is declared but its value is never read.\nsrc/middleware/errorHandler.ts(43,3): error TS6133: 'res' is declared but its value is never read.\n\n    at createTSError (/app/node_modules/ts-node/src/index.ts:859:12)\n    at reportTSError (/app/node_modules/ts-node/src/index.ts:863:19)\n    at getOutput (/app/node_modules/ts-node/src/index.ts:1077:36)\n    at Object.compile (/app/node_modules/ts-node/src/index.ts:1433:41)\n    at Module.m._compile (/app/node_modules/ts-node/src/index.ts:1617:30)\n    at Module._extensions..js (node:internal/modules/cjs/loader:1422:10)\n    at Object.require.extensions.<computed> [as .ts] (/app/node_modules/ts-node/src/index.ts:1621:12)\n    at Module.load (node:internal/modules/cjs/loader:1203:32)\n    at Function.Module._load (node:internal/modules/cjs/loader:1019:12)\n    at Module.require (node:internal/modules/cjs/loader:1231:19)","timestamp":"2025-07-10 06:30:46","trace":[{"column":12,"file":"/app/node_modules/ts-node/src/index.ts","function":"createTSError","line":859,"method":null,"native":false},{"column":19,"file":"/app/node_modules/ts-node/src/index.ts","function":"reportTSError","line":863,"method":null,"native":false},{"column":36,"file":"/app/node_modules/ts-node/src/index.ts","function":"getOutput","line":1077,"method":null,"native":false},{"column":41,"file":"/app/node_modules/ts-node/src/index.ts","function":"Object.compile","line":1433,"method":"compile","native":false},{"column":30,"file":"/app/node_modules/ts-node/src/index.ts","function":"Module.m._compile","line":1617,"method":"_compile","native":false},{"column":10,"file":"node:internal/modules/cjs/loader","function":"Module._extensions..js","line":1422,"method":".js","native":false},{"column":12,"file":"/app/node_modules/ts-node/src/index.ts","function":"Object.require.extensions.<computed> [as .ts]","line":1621,"method":"ts]","native":false},{"column":32,"file":"node:internal/modules/cjs/loader","function":"Module.load","line":1203,"method":"load","native":false},{"column":12,"file":"node:internal/modules/cjs/loader","function":"Module._load","line":1019,"method":"_load","native":false},{"column":19,"file":"node:internal/modules/cjs/loader","function":"Module.require","line":1231,"method":"require","native":false}]}
{"date":"Thu Jul 10 2025 07:52:26 GMT+0000 (Coordinated Universal Time)","error":{"diagnosticCodes":[6133,6133]},"exception":true,"level":"error","message":"uncaughtException: ⨯ Unable to compile TypeScript:\nsrc/middleware/errorHandler.ts(13,3): error TS6133: 'next' is declared but its value is never read.\nsrc/middleware/errorHandler.ts(43,3): error TS6133: 'res' is declared but its value is never read.\n\nTSError: ⨯ Unable to compile TypeScript:\nsrc/middleware/errorHandler.ts(13,3): error TS6133: 'next' is declared but its value is never read.\nsrc/middleware/errorHandler.ts(43,3): error TS6133: 'res' is declared but its value is never read.\n\n    at createTSError (/app/node_modules/ts-node/src/index.ts:859:12)\n    at reportTSError (/app/node_modules/ts-node/src/index.ts:863:19)\n    at getOutput (/app/node_modules/ts-node/src/index.ts:1077:36)\n    at Object.compile (/app/node_modules/ts-node/src/index.ts:1433:41)\n    at Module.m._compile (/app/node_modules/ts-node/src/index.ts:1617:30)\n    at Module._extensions..js (node:internal/modules/cjs/loader:1422:10)\n    at Object.require.extensions.<computed> [as .ts] (/app/node_modules/ts-node/src/index.ts:1621:12)\n    at Module.load (node:internal/modules/cjs/loader:1203:32)\n    at Function.Module._load (node:internal/modules/cjs/loader:1019:12)\n    at Module.require (node:internal/modules/cjs/loader:1231:19)","os":{"loadavg":[14.52,6.13,2.41],"uptime":330.57},"process":{"argv":["/app/node_modules/ts-node/dist/bin.js","/app/src/index.ts"],"cwd":"/app","execPath":"/usr/local/bin/node","gid":0,"memoryUsage":{"arrayBuffers":2765269,"external":6169972,"heapTotal":297230336,"heapUsed":267586288,"rss":351645696},"pid":35,"uid":0,"version":"v18.20.8"},"service":"incident-response-api","stack":"TSError: ⨯ Unable to compile TypeScript:\nsrc/middleware/errorHandler.ts(13,3): error TS6133: 'next' is declared but its value is never read.\nsrc/middleware/errorHandler.ts(43,3): error TS6133: 'res' is declared but its value is never read.\n\n    at createTSError (/app/node_modules/ts-node/src/index.ts:859:12)\n    at reportTSError (/app/node_modules/ts-node/src/index.ts:863:19)\n    at getOutput (/app/node_modules/ts-node/src/index.ts:1077:36)\n    at Object.compile (/app/node_modules/ts-node/src/index.ts:1433:41)\n    at Module.m._compile (/app/node_modules/ts-node/src/index.ts:1617:30)\n    at Module._extensions..js (node:internal/modules/cjs/loader:1422:10)\n    at Object.require.extensions.<computed> [as .ts] (/app/node_modules/ts-node/src/index.ts:1621:12)\n    at Module.load (node:internal/modules/cjs/loader:1203:32)\n    at Function.Module._load (node:internal/modules/cjs/loader:1019:12)\n    at Module.require (node:internal/modules/cjs/loader:1231:19)","timestamp":"2025-07-10 07:52:26","trace":[{"column":12,"file":"/app/node_modules/ts-node/src/index.ts","function":"createTSError","line":859,"method":null,"native":false},{"column":19,"file":"/app/node_modules/ts-node/src/index.ts","function":"reportTSError","line":863,"method":null,"native":false},{"column":36,"file":"/app/node_modules/ts-node/src/index.ts","function":"getOutput","line":1077,"method":null,"native":false},{"column":41,"file":"/app/node_modules/ts-node/src/index.ts","function":"Object.compile","line":1433,"method":"compile","native":false},{"column":30,"file":"/app/node_modules/ts-node/src/index.ts","function":"Module.m._compile","line":1617,"method":"_compile","native":false},{"column":10,"file":"node:internal/modules/cjs/loader","function":"Module._extensions..js","line":1422,"method":".js","native":false},{"column":12,"file":"/app/node_modules/ts-node/src/index.ts","function":"Object.require.extensions.<computed> [as .ts]","line":1621,"method":"ts]","native":false},{"column":32,"file":"node:internal/modules/cjs/loader","function":"Module.load","line":1203,"method":"load","native":false},{"column":12,"file":"node:internal/modules/cjs/loader","function":"Module._load","line":1019,"method":"_load","native":false},{"column":19,"file":"node:internal/modules/cjs/loader","function":"Module.require","line":1231,"method":"require","native":false}]}
{"date":"Thu Jul 10 2025 08:02:11 GMT+0000 (Coordinated Universal Time)","error":{"diagnosticCodes":[6133,6133]},"exception":true,"level":"error","message":"uncaughtException: ⨯ Unable to compile TypeScript:\nsrc/middleware/errorHandler.ts(13,3): error TS6133: 'next' is declared but its value is never read.\nsrc/middleware/errorHandler.ts(43,3): error TS6133: 'res' is declared but its value is never read.\n\nTSError: ⨯ Unable to compile TypeScript:\nsrc/middleware/errorHandler.ts(13,3): error TS6133: 'next' is declared but its value is never read.\nsrc/middleware/errorHandler.ts(43,3): error TS6133: 'res' is declared but its value is never read.\n\n    at createTSError (/app/node_modules/ts-node/src/index.ts:859:12)\n    at reportTSError (/app/node_modules/ts-node/src/index.ts:863:19)\n    at getOutput (/app/node_modules/ts-node/src/index.ts:1077:36)\n    at Object.compile (/app/node_modules/ts-node/src/index.ts:1433:41)\n    at Module.m._compile (/app/node_modules/ts-node/src/index.ts:1617:30)\n    at Module._extensions..js (node:internal/modules/cjs/loader:1422:10)\n    at Object.require.extensions.<computed> [as .ts] (/app/node_modules/ts-node/src/index.ts:1621:12)\n    at Module.load (node:internal/modules/cjs/loader:1203:32)\n    at Function.Module._load (node:internal/modules/cjs/loader:1019:12)\n    at Module.require (node:internal/modules/cjs/loader:1231:19)","os":{"loadavg":[1.52,4.34,3.41],"uptime":914.88},"process":{"argv":["/app/node_modules/ts-node/dist/bin.js","/app/src/index.ts"],"cwd":"/app","execPath":"/usr/local/bin/node","gid":0,"memoryUsage":{"arrayBuffers":2568580,"external":5973283,"heapTotal":296968192,"heapUsed":263778216,"rss":349261824},"pid":35,"uid":0,"version":"v18.20.8"},"service":"incident-response-api","stack":"TSError: ⨯ Unable to compile TypeScript:\nsrc/middleware/errorHandler.ts(13,3): error TS6133: 'next' is declared but its value is never read.\nsrc/middleware/errorHandler.ts(43,3): error TS6133: 'res' is declared but its value is never read.\n\n    at createTSError (/app/node_modules/ts-node/src/index.ts:859:12)\n    at reportTSError (/app/node_modules/ts-node/src/index.ts:863:19)\n    at getOutput (/app/node_modules/ts-node/src/index.ts:1077:36)\n    at Object.compile (/app/node_modules/ts-node/src/index.ts:1433:41)\n    at Module.m._compile (/app/node_modules/ts-node/src/index.ts:1617:30)\n    at Module._extensions..js (node:internal/modules/cjs/loader:1422:10)\n    at Object.require.extensions.<computed> [as .ts] (/app/node_modules/ts-node/src/index.ts:1621:12)\n    at Module.load (node:internal/modules/cjs/loader:1203:32)\n    at Function.Module._load (node:internal/modules/cjs/loader:1019:12)\n    at Module.require (node:internal/modules/cjs/loader:1231:19)","timestamp":"2025-07-10 08:02:11","trace":[{"column":12,"file":"/app/node_modules/ts-node/src/index.ts","function":"createTSError","line":859,"method":null,"native":false},{"column":19,"file":"/app/node_modules/ts-node/src/index.ts","function":"reportTSError","line":863,"method":null,"native":false},{"column":36,"file":"/app/node_modules/ts-node/src/index.ts","function":"getOutput","line":1077,"method":null,"native":false},{"column":41,"file":"/app/node_modules/ts-node/src/index.ts","function":"Object.compile","line":1433,"method":"compile","native":false},{"column":30,"file":"/app/node_modules/ts-node/src/index.ts","function":"Module.m._compile","line":1617,"method":"_compile","native":false},{"column":10,"file":"node:internal/modules/cjs/loader","function":"Module._extensions..js","line":1422,"method":".js","native":false},{"column":12,"file":"/app/node_modules/ts-node/src/index.ts","function":"Object.require.extensions.<computed> [as .ts]","line":1621,"method":"ts]","native":false},{"column":32,"file":"node:internal/modules/cjs/loader","function":"Module.load","line":1203,"method":"load","native":false},{"column":12,"file":"node:internal/modules/cjs/loader","function":"Module._load","line":1019,"method":"_load","native":false},{"column":19,"file":"node:internal/modules/cjs/loader","function":"Module.require","line":1231,"method":"require","native":false}]}
{"date":"Thu Jul 10 2025 08:09:33 GMT+0000 (Coordinated Universal Time)","error":{"diagnosticCodes":[6133,6133]},"exception":true,"level":"error","message":"uncaughtException: ⨯ Unable to compile TypeScript:\nsrc/middleware/errorHandler.ts(13,3): error TS6133: 'next' is declared but its value is never read.\nsrc/middleware/errorHandler.ts(43,3): error TS6133: 'res' is declared but its value is never read.\n\nTSError: ⨯ Unable to compile TypeScript:\nsrc/middleware/errorHandler.ts(13,3): error TS6133: 'next' is declared but its value is never read.\nsrc/middleware/errorHandler.ts(43,3): error TS6133: 'res' is declared but its value is never read.\n\n    at createTSError (/app/node_modules/ts-node/src/index.ts:859:12)\n    at reportTSError (/app/node_modules/ts-node/src/index.ts:863:19)\n    at getOutput (/app/node_modules/ts-node/src/index.ts:1077:36)\n    at Object.compile (/app/node_modules/ts-node/src/index.ts:1433:41)\n    at Module.m._compile (/app/node_modules/ts-node/src/index.ts:1617:30)\n    at Module._extensions..js (node:internal/modules/cjs/loader:1422:10)\n    at Object.require.extensions.<computed> [as .ts] (/app/node_modules/ts-node/src/index.ts:1621:12)\n    at Module.load (node:internal/modules/cjs/loader:1203:32)\n    at Function.Module._load (node:internal/modules/cjs/loader:1019:12)\n    at Module.require (node:internal/modules/cjs/loader:1231:19)","os":{"loadavg":[8.99,6.43,4.43],"uptime":1357.66},"process":{"argv":["/app/node_modules/ts-node/dist/bin.js","/app/src/index.ts"],"cwd":"/app","execPath":"/usr/local/bin/node","gid":0,"memoryUsage":{"arrayBuffers":2560364,"external":5965067,"heapTotal":297492480,"heapUsed":264009200,"rss":353890304},"pid":35,"uid":0,"version":"v18.20.8"},"service":"incident-response-api","stack":"TSError: ⨯ Unable to compile TypeScript:\nsrc/middleware/errorHandler.ts(13,3): error TS6133: 'next' is declared but its value is never read.\nsrc/middleware/errorHandler.ts(43,3): error TS6133: 'res' is declared but its value is never read.\n\n    at createTSError (/app/node_modules/ts-node/src/index.ts:859:12)\n    at reportTSError (/app/node_modules/ts-node/src/index.ts:863:19)\n    at getOutput (/app/node_modules/ts-node/src/index.ts:1077:36)\n    at Object.compile (/app/node_modules/ts-node/src/index.ts:1433:41)\n    at Module.m._compile (/app/node_modules/ts-node/src/index.ts:1617:30)\n    at Module._extensions..js (node:internal/modules/cjs/loader:1422:10)\n    at Object.require.extensions.<computed> [as .ts] (/app/node_modules/ts-node/src/index.ts:1621:12)\n    at Module.load (node:internal/modules/cjs/loader:1203:32)\n    at Function.Module._load (node:internal/modules/cjs/loader:1019:12)\n    at Module.require (node:internal/modules/cjs/loader:1231:19)","timestamp":"2025-07-10 08:09:33","trace":[{"column":12,"file":"/app/node_modules/ts-node/src/index.ts","function":"createTSError","line":859,"method":null,"native":false},{"column":19,"file":"/app/node_modules/ts-node/src/index.ts","function":"reportTSError","line":863,"method":null,"native":false},{"column":36,"file":"/app/node_modules/ts-node/src/index.ts","function":"getOutput","line":1077,"method":null,"native":false},{"column":41,"file":"/app/node_modules/ts-node/src/index.ts","function":"Object.compile","line":1433,"method":"compile","native":false},{"column":30,"file":"/app/node_modules/ts-node/src/index.ts","function":"Module.m._compile","line":1617,"method":"_compile","native":false},{"column":10,"file":"node:internal/modules/cjs/loader","function":"Module._extensions..js","line":1422,"method":".js","native":false},{"column":12,"file":"/app/node_modules/ts-node/src/index.ts","function":"Object.require.extensions.<computed> [as .ts]","line":1621,"method":"ts]","native":false},{"column":32,"file":"node:internal/modules/cjs/loader","function":"Module.load","line":1203,"method":"load","native":false},{"column":12,"file":"node:internal/modules/cjs/loader","function":"Module._load","line":1019,"method":"_load","native":false},{"column":19,"file":"node:internal/modules/cjs/loader","function":"Module.require","line":1231,"method":"require","native":false}]}
{"date":"Thu Jul 10 2025 08:21:51 GMT+0000 (Coordinated Universal Time)","error":{"diagnosticCodes":[6133,6133]},"exception":true,"level":"error","message":"uncaughtException: ⨯ Unable to compile TypeScript:\nsrc/middleware/errorHandler.ts(13,3): error TS6133: 'next' is declared but its value is never read.\nsrc/middleware/errorHandler.ts(43,3): error TS6133: 'res' is declared but its value is never read.\n\nTSError: ⨯ Unable to compile TypeScript:\nsrc/middleware/errorHandler.ts(13,3): error TS6133: 'next' is declared but its value is never read.\nsrc/middleware/errorHandler.ts(43,3): error TS6133: 'res' is declared but its value is never read.\n\n    at createTSError (/app/node_modules/ts-node/src/index.ts:859:12)\n    at reportTSError (/app/node_modules/ts-node/src/index.ts:863:19)\n    at getOutput (/app/node_modules/ts-node/src/index.ts:1077:36)\n    at Object.compile (/app/node_modules/ts-node/src/index.ts:1433:41)\n    at Module.m._compile (/app/node_modules/ts-node/src/index.ts:1617:30)\n    at Module._extensions..js (node:internal/modules/cjs/loader:1422:10)\n    at Object.require.extensions.<computed> [as .ts] (/app/node_modules/ts-node/src/index.ts:1621:12)\n    at Module.load (node:internal/modules/cjs/loader:1203:32)\n    at Function.Module._load (node:internal/modules/cjs/loader:1019:12)\n    at Module.require (node:internal/modules/cjs/loader:1231:19)","os":{"loadavg":[13.01,9.11,6.01],"uptime":2095.7},"process":{"argv":["/app/node_modules/ts-node/dist/bin.js","/app/src/index.ts"],"cwd":"/app","execPath":"/usr/local/bin/node","gid":0,"memoryUsage":{"arrayBuffers":2618026,"external":6022729,"heapTotal":296968192,"heapUsed":264697656,"rss":353452032},"pid":35,"uid":0,"version":"v18.20.8"},"service":"incident-response-api","stack":"TSError: ⨯ Unable to compile TypeScript:\nsrc/middleware/errorHandler.ts(13,3): error TS6133: 'next' is declared but its value is never read.\nsrc/middleware/errorHandler.ts(43,3): error TS6133: 'res' is declared but its value is never read.\n\n    at createTSError (/app/node_modules/ts-node/src/index.ts:859:12)\n    at reportTSError (/app/node_modules/ts-node/src/index.ts:863:19)\n    at getOutput (/app/node_modules/ts-node/src/index.ts:1077:36)\n    at Object.compile (/app/node_modules/ts-node/src/index.ts:1433:41)\n    at Module.m._compile (/app/node_modules/ts-node/src/index.ts:1617:30)\n    at Module._extensions..js (node:internal/modules/cjs/loader:1422:10)\n    at Object.require.extensions.<computed> [as .ts] (/app/node_modules/ts-node/src/index.ts:1621:12)\n    at Module.load (node:internal/modules/cjs/loader:1203:32)\n    at Function.Module._load (node:internal/modules/cjs/loader:1019:12)\n    at Module.require (node:internal/modules/cjs/loader:1231:19)","timestamp":"2025-07-10 08:21:51","trace":[{"column":12,"file":"/app/node_modules/ts-node/src/index.ts","function":"createTSError","line":859,"method":null,"native":false},{"column":19,"file":"/app/node_modules/ts-node/src/index.ts","function":"reportTSError","line":863,"method":null,"native":false},{"column":36,"file":"/app/node_modules/ts-node/src/index.ts","function":"getOutput","line":1077,"method":null,"native":false},{"column":41,"file":"/app/node_modules/ts-node/src/index.ts","function":"Object.compile","line":1433,"method":"compile","native":false},{"column":30,"file":"/app/node_modules/ts-node/src/index.ts","function":"Module.m._compile","line":1617,"method":"_compile","native":false},{"column":10,"file":"node:internal/modules/cjs/loader","function":"Module._extensions..js","line":1422,"method":".js","native":false},{"column":12,"file":"/app/node_modules/ts-node/src/index.ts","function":"Object.require.extensions.<computed> [as .ts]","line":1621,"method":"ts]","native":false},{"column":32,"file":"node:internal/modules/cjs/loader","function":"Module.load","line":1203,"method":"load","native":false},{"column":12,"file":"node:internal/modules/cjs/loader","function":"Module._load","line":1019,"method":"_load","native":false},{"column":19,"file":"node:internal/modules/cjs/loader","function":"Module.require","line":1231,"method":"require","native":false}]}
{"date":"Thu Jul 10 2025 09:11:30 GMT+0000 (Coordinated Universal Time)","error":{"diagnosticCodes":[6133,6133]},"exception":true,"level":"error","message":"uncaughtException: ⨯ Unable to compile TypeScript:\nsrc/middleware/errorHandler.ts(13,3): error TS6133: 'next' is declared but its value is never read.\nsrc/middleware/errorHandler.ts(43,3): error TS6133: 'res' is declared but its value is never read.\n\nTSError: ⨯ Unable to compile TypeScript:\nsrc/middleware/errorHandler.ts(13,3): error TS6133: 'next' is declared but its value is never read.\nsrc/middleware/errorHandler.ts(43,3): error TS6133: 'res' is declared but its value is never read.\n\n    at createTSError (/app/node_modules/ts-node/src/index.ts:859:12)\n    at reportTSError (/app/node_modules/ts-node/src/index.ts:863:19)\n    at getOutput (/app/node_modules/ts-node/src/index.ts:1077:36)\n    at Object.compile (/app/node_modules/ts-node/src/index.ts:1433:41)\n    at Module.m._compile (/app/node_modules/ts-node/src/index.ts:1617:30)\n    at Module._extensions..js (node:internal/modules/cjs/loader:1422:10)\n    at Object.require.extensions.<computed> [as .ts] (/app/node_modules/ts-node/src/index.ts:1621:12)\n    at Module.load (node:internal/modules/cjs/loader:1203:32)\n    at Function.Module._load (node:internal/modules/cjs/loader:1019:12)\n    at Module.require (node:internal/modules/cjs/loader:1231:19)","os":{"loadavg":[10.01,5.76,2.48],"uptime":373.13},"process":{"argv":["/app/node_modules/ts-node/dist/bin.js","/app/src/index.ts"],"cwd":"/app","execPath":"/usr/local/bin/node","gid":0,"memoryUsage":{"arrayBuffers":2560300,"external":5965003,"heapTotal":298016768,"heapUsed":263976104,"rss":354885632},"pid":35,"uid":0,"version":"v18.20.8"},"service":"incident-response-api","stack":"TSError: ⨯ Unable to compile TypeScript:\nsrc/middleware/errorHandler.ts(13,3): error TS6133: 'next' is declared but its value is never read.\nsrc/middleware/errorHandler.ts(43,3): error TS6133: 'res' is declared but its value is never read.\n\n    at createTSError (/app/node_modules/ts-node/src/index.ts:859:12)\n    at reportTSError (/app/node_modules/ts-node/src/index.ts:863:19)\n    at getOutput (/app/node_modules/ts-node/src/index.ts:1077:36)\n    at Object.compile (/app/node_modules/ts-node/src/index.ts:1433:41)\n    at Module.m._compile (/app/node_modules/ts-node/src/index.ts:1617:30)\n    at Module._extensions..js (node:internal/modules/cjs/loader:1422:10)\n    at Object.require.extensions.<computed> [as .ts] (/app/node_modules/ts-node/src/index.ts:1621:12)\n    at Module.load (node:internal/modules/cjs/loader:1203:32)\n    at Function.Module._load (node:internal/modules/cjs/loader:1019:12)\n    at Module.require (node:internal/modules/cjs/loader:1231:19)","timestamp":"2025-07-10 09:11:30","trace":[{"column":12,"file":"/app/node_modules/ts-node/src/index.ts","function":"createTSError","line":859,"method":null,"native":false},{"column":19,"file":"/app/node_modules/ts-node/src/index.ts","function":"reportTSError","line":863,"method":null,"native":false},{"column":36,"file":"/app/node_modules/ts-node/src/index.ts","function":"getOutput","line":1077,"method":null,"native":false},{"column":41,"file":"/app/node_modules/ts-node/src/index.ts","function":"Object.compile","line":1433,"method":"compile","native":false},{"column":30,"file":"/app/node_modules/ts-node/src/index.ts","function":"Module.m._compile","line":1617,"method":"_compile","native":false},{"column":10,"file":"node:internal/modules/cjs/loader","function":"Module._extensions..js","line":1422,"method":".js","native":false},{"column":12,"file":"/app/node_modules/ts-node/src/index.ts","function":"Object.require.extensions.<computed> [as .ts]","line":1621,"method":"ts]","native":false},{"column":32,"file":"node:internal/modules/cjs/loader","function":"Module.load","line":1203,"method":"load","native":false},{"column":12,"file":"node:internal/modules/cjs/loader","function":"Module._load","line":1019,"method":"_load","native":false},{"column":19,"file":"node:internal/modules/cjs/loader","function":"Module.require","line":1231,"method":"require","native":false}]}
{"date":"Thu Jul 10 2025 09:14:56 GMT+0000 (Coordinated Universal Time)","error":{"diagnosticCodes":[6133,6133]},"exception":true,"level":"error","message":"uncaughtException: ⨯ Unable to compile TypeScript:\nsrc/middleware/errorHandler.ts(13,3): error TS6133: 'next' is declared but its value is never read.\nsrc/middleware/errorHandler.ts(43,3): error TS6133: 'res' is declared but its value is never read.\n\nTSError: ⨯ Unable to compile TypeScript:\nsrc/middleware/errorHandler.ts(13,3): error TS6133: 'next' is declared but its value is never read.\nsrc/middleware/errorHandler.ts(43,3): error TS6133: 'res' is declared but its value is never read.\n\n    at createTSError (/app/node_modules/ts-node/src/index.ts:859:12)\n    at reportTSError (/app/node_modules/ts-node/src/index.ts:863:19)\n    at getOutput (/app/node_modules/ts-node/src/index.ts:1077:36)\n    at Object.compile (/app/node_modules/ts-node/src/index.ts:1433:41)\n    at Module.m._compile (/app/node_modules/ts-node/src/index.ts:1617:30)\n    at Module._extensions..js (node:internal/modules/cjs/loader:1422:10)\n    at Object.require.extensions.<computed> [as .ts] (/app/node_modules/ts-node/src/index.ts:1621:12)\n    at Module.load (node:internal/modules/cjs/loader:1203:32)\n    at Function.Module._load (node:internal/modules/cjs/loader:1019:12)\n    at Module.require (node:internal/modules/cjs/loader:1231:19)","os":{"loadavg":[1.89,4.24,2.58],"uptime":579.29},"process":{"argv":["/app/node_modules/ts-node/dist/bin.js","/app/src/index.ts"],"cwd":"/app","execPath":"/usr/local/bin/node","gid":0,"memoryUsage":{"arrayBuffers":4877908,"external":8282611,"heapTotal":298278912,"heapUsed":263829288,"rss":355270656},"pid":35,"uid":0,"version":"v18.20.8"},"service":"incident-response-api","stack":"TSError: ⨯ Unable to compile TypeScript:\nsrc/middleware/errorHandler.ts(13,3): error TS6133: 'next' is declared but its value is never read.\nsrc/middleware/errorHandler.ts(43,3): error TS6133: 'res' is declared but its value is never read.\n\n    at createTSError (/app/node_modules/ts-node/src/index.ts:859:12)\n    at reportTSError (/app/node_modules/ts-node/src/index.ts:863:19)\n    at getOutput (/app/node_modules/ts-node/src/index.ts:1077:36)\n    at Object.compile (/app/node_modules/ts-node/src/index.ts:1433:41)\n    at Module.m._compile (/app/node_modules/ts-node/src/index.ts:1617:30)\n    at Module._extensions..js (node:internal/modules/cjs/loader:1422:10)\n    at Object.require.extensions.<computed> [as .ts] (/app/node_modules/ts-node/src/index.ts:1621:12)\n    at Module.load (node:internal/modules/cjs/loader:1203:32)\n    at Function.Module._load (node:internal/modules/cjs/loader:1019:12)\n    at Module.require (node:internal/modules/cjs/loader:1231:19)","timestamp":"2025-07-10 09:14:56","trace":[{"column":12,"file":"/app/node_modules/ts-node/src/index.ts","function":"createTSError","line":859,"method":null,"native":false},{"column":19,"file":"/app/node_modules/ts-node/src/index.ts","function":"reportTSError","line":863,"method":null,"native":false},{"column":36,"file":"/app/node_modules/ts-node/src/index.ts","function":"getOutput","line":1077,"method":null,"native":false},{"column":41,"file":"/app/node_modules/ts-node/src/index.ts","function":"Object.compile","line":1433,"method":"compile","native":false},{"column":30,"file":"/app/node_modules/ts-node/src/index.ts","function":"Module.m._compile","line":1617,"method":"_compile","native":false},{"column":10,"file":"node:internal/modules/cjs/loader","function":"Module._extensions..js","line":1422,"method":".js","native":false},{"column":12,"file":"/app/node_modules/ts-node/src/index.ts","function":"Object.require.extensions.<computed> [as .ts]","line":1621,"method":"ts]","native":false},{"column":32,"file":"node:internal/modules/cjs/loader","function":"Module.load","line":1203,"method":"load","native":false},{"column":12,"file":"node:internal/modules/cjs/loader","function":"Module._load","line":1019,"method":"_load","native":false},{"column":19,"file":"node:internal/modules/cjs/loader","function":"Module.require","line":1231,"method":"require","native":false}]}
{"date":"Thu Jul 10 2025 09:18:47 GMT+0000 (Coordinated Universal Time)","error":{"diagnosticCodes":[6133,6133]},"exception":true,"level":"error","message":"uncaughtException: ⨯ Unable to compile TypeScript:\nsrc/middleware/errorHandler.ts(13,3): error TS6133: 'next' is declared but its value is never read.\nsrc/middleware/errorHandler.ts(43,3): error TS6133: 'res' is declared but its value is never read.\n\nTSError: ⨯ Unable to compile TypeScript:\nsrc/middleware/errorHandler.ts(13,3): error TS6133: 'next' is declared but its value is never read.\nsrc/middleware/errorHandler.ts(43,3): error TS6133: 'res' is declared but its value is never read.\n\n    at createTSError (/app/node_modules/ts-node/src/index.ts:859:12)\n    at reportTSError (/app/node_modules/ts-node/src/index.ts:863:19)\n    at getOutput (/app/node_modules/ts-node/src/index.ts:1077:36)\n    at Object.compile (/app/node_modules/ts-node/src/index.ts:1433:41)\n    at Module.m._compile (/app/node_modules/ts-node/src/index.ts:1617:30)\n    at Module._extensions..js (node:internal/modules/cjs/loader:1422:10)\n    at Object.require.extensions.<computed> [as .ts] (/app/node_modules/ts-node/src/index.ts:1621:12)\n    at Module.load (node:internal/modules/cjs/loader:1203:32)\n    at Function.Module._load (node:internal/modules/cjs/loader:1019:12)\n    at Module.require (node:internal/modules/cjs/loader:1231:19)","os":{"loadavg":[8.42,4.42,2.86],"uptime":810.28},"process":{"argv":["/app/node_modules/ts-node/dist/bin.js","/app/src/index.ts"],"cwd":"/app","execPath":"/usr/local/bin/node","gid":0,"memoryUsage":{"arrayBuffers":2618074,"external":6022777,"heapTotal":296706048,"heapUsed":264665376,"rss":348807168},"pid":35,"uid":0,"version":"v18.20.8"},"service":"incident-response-api","stack":"TSError: ⨯ Unable to compile TypeScript:\nsrc/middleware/errorHandler.ts(13,3): error TS6133: 'next' is declared but its value is never read.\nsrc/middleware/errorHandler.ts(43,3): error TS6133: 'res' is declared but its value is never read.\n\n    at createTSError (/app/node_modules/ts-node/src/index.ts:859:12)\n    at reportTSError (/app/node_modules/ts-node/src/index.ts:863:19)\n    at getOutput (/app/node_modules/ts-node/src/index.ts:1077:36)\n    at Object.compile (/app/node_modules/ts-node/src/index.ts:1433:41)\n    at Module.m._compile (/app/node_modules/ts-node/src/index.ts:1617:30)\n    at Module._extensions..js (node:internal/modules/cjs/loader:1422:10)\n    at Object.require.extensions.<computed> [as .ts] (/app/node_modules/ts-node/src/index.ts:1621:12)\n    at Module.load (node:internal/modules/cjs/loader:1203:32)\n    at Function.Module._load (node:internal/modules/cjs/loader:1019:12)\n    at Module.require (node:internal/modules/cjs/loader:1231:19)","timestamp":"2025-07-10 09:18:47","trace":[{"column":12,"file":"/app/node_modules/ts-node/src/index.ts","function":"createTSError","line":859,"method":null,"native":false},{"column":19,"file":"/app/node_modules/ts-node/src/index.ts","function":"reportTSError","line":863,"method":null,"native":false},{"column":36,"file":"/app/node_modules/ts-node/src/index.ts","function":"getOutput","line":1077,"method":null,"native":false},{"column":41,"file":"/app/node_modules/ts-node/src/index.ts","function":"Object.compile","line":1433,"method":"compile","native":false},{"column":30,"file":"/app/node_modules/ts-node/src/index.ts","function":"Module.m._compile","line":1617,"method":"_compile","native":false},{"column":10,"file":"node:internal/modules/cjs/loader","function":"Module._extensions..js","line":1422,"method":".js","native":false},{"column":12,"file":"/app/node_modules/ts-node/src/index.ts","function":"Object.require.extensions.<computed> [as .ts]","line":1621,"method":"ts]","native":false},{"column":32,"file":"node:internal/modules/cjs/loader","function":"Module.load","line":1203,"method":"load","native":false},{"column":12,"file":"node:internal/modules/cjs/loader","function":"Module._load","line":1019,"method":"_load","native":false},{"column":19,"file":"node:internal/modules/cjs/loader","function":"Module.require","line":1231,"method":"require","native":false}]}
{"date":"Thu Jul 10 2025 09:24:41 GMT+0000 (Coordinated Universal Time)","error":{"diagnosticCodes":[6133,6133]},"exception":true,"level":"error","message":"uncaughtException: ⨯ Unable to compile TypeScript:\n\u001b[96msrc/middleware/errorHandler.ts\u001b[0m:\u001b[93m13\u001b[0m:\u001b[93m3\u001b[0m - \u001b[91merror\u001b[0m\u001b[90m TS6133: \u001b[0m'next' is declared but its value is never read.\n\n\u001b[7m13\u001b[0m   next: NextFunction\n\u001b[7m  \u001b[0m \u001b[91m  ~~~~\u001b[0m\n\u001b[96msrc/middleware/errorHandler.ts\u001b[0m:\u001b[93m43\u001b[0m:\u001b[93m3\u001b[0m - \u001b[91merror\u001b[0m\u001b[90m TS6133: \u001b[0m'res' is declared but its value is never read.\n\n\u001b[7m43\u001b[0m   res: Response,\n\u001b[7m  \u001b[0m \u001b[91m  ~~~\u001b[0m\n\nTSError: ⨯ Unable to compile TypeScript:\n\u001b[96msrc/middleware/errorHandler.ts\u001b[0m:\u001b[93m13\u001b[0m:\u001b[93m3\u001b[0m - \u001b[91merror\u001b[0m\u001b[90m TS6133: \u001b[0m'next' is declared but its value is never read.\n\n\u001b[7m13\u001b[0m   next: NextFunction\n\u001b[7m  \u001b[0m \u001b[91m  ~~~~\u001b[0m\n\u001b[96msrc/middleware/errorHandler.ts\u001b[0m:\u001b[93m43\u001b[0m:\u001b[93m3\u001b[0m - \u001b[91merror\u001b[0m\u001b[90m TS6133: \u001b[0m'res' is declared but its value is never read.\n\n\u001b[7m43\u001b[0m   res: Response,\n\u001b[7m  \u001b[0m \u001b[91m  ~~~\u001b[0m\n\n    at createTSError (/app/node_modules/ts-node/src/index.ts:859:12)\n    at reportTSError (/app/node_modules/ts-node/src/index.ts:863:19)\n    at getOutput (/app/node_modules/ts-node/src/index.ts:1077:36)\n    at Object.compile (/app/node_modules/ts-node/src/index.ts:1433:41)\n    at Module.m._compile (/app/node_modules/ts-node/src/index.ts:1617:30)\n    at Module._extensions..js (node:internal/modules/cjs/loader:1422:10)\n    at Object.require.extensions.<computed> [as .ts] (/app/node_modules/ts-node/src/index.ts:1621:12)\n    at Module.load (node:internal/modules/cjs/loader:1203:32)\n    at Function.Module._load (node:internal/modules/cjs/loader:1019:12)\n    at Module.require (node:internal/modules/cjs/loader:1231:19)","os":{"loadavg":[0.69,2.5,2.64],"uptime":1164.82},"process":{"argv":["/app/node_modules/ts-node/dist/bin.js","/app/src/index.ts"],"cwd":"/app","execPath":"/usr/local/bin/node","gid":0,"memoryUsage":{"arrayBuffers":2424646,"external":6523409,"heapTotal":300113920,"heapUsed":264257816,"rss":357212160},"pid":19,"uid":0,"version":"v18.20.8"},"service":"incident-response-api","stack":"TSError: ⨯ Unable to compile TypeScript:\n\u001b[96msrc/middleware/errorHandler.ts\u001b[0m:\u001b[93m13\u001b[0m:\u001b[93m3\u001b[0m - \u001b[91merror\u001b[0m\u001b[90m TS6133: \u001b[0m'next' is declared but its value is never read.\n\n\u001b[7m13\u001b[0m   next: NextFunction\n\u001b[7m  \u001b[0m \u001b[91m  ~~~~\u001b[0m\n\u001b[96msrc/middleware/errorHandler.ts\u001b[0m:\u001b[93m43\u001b[0m:\u001b[93m3\u001b[0m - \u001b[91merror\u001b[0m\u001b[90m TS6133: \u001b[0m'res' is declared but its value is never read.\n\n\u001b[7m43\u001b[0m   res: Response,\n\u001b[7m  \u001b[0m \u001b[91m  ~~~\u001b[0m\n\n    at createTSError (/app/node_modules/ts-node/src/index.ts:859:12)\n    at reportTSError (/app/node_modules/ts-node/src/index.ts:863:19)\n    at getOutput (/app/node_modules/ts-node/src/index.ts:1077:36)\n    at Object.compile (/app/node_modules/ts-node/src/index.ts:1433:41)\n    at Module.m._compile (/app/node_modules/ts-node/src/index.ts:1617:30)\n    at Module._extensions..js (node:internal/modules/cjs/loader:1422:10)\n    at Object.require.extensions.<computed> [as .ts] (/app/node_modules/ts-node/src/index.ts:1621:12)\n    at Module.load (node:internal/modules/cjs/loader:1203:32)\n    at Function.Module._load (node:internal/modules/cjs/loader:1019:12)\n    at Module.require (node:internal/modules/cjs/loader:1231:19)","timestamp":"2025-07-10 09:24:41","trace":[{"column":12,"file":"/app/node_modules/ts-node/src/index.ts","function":"createTSError","line":859,"method":null,"native":false},{"column":19,"file":"/app/node_modules/ts-node/src/index.ts","function":"reportTSError","line":863,"method":null,"native":false},{"column":36,"file":"/app/node_modules/ts-node/src/index.ts","function":"getOutput","line":1077,"method":null,"native":false},{"column":41,"file":"/app/node_modules/ts-node/src/index.ts","function":"Object.compile","line":1433,"method":"compile","native":false},{"column":30,"file":"/app/node_modules/ts-node/src/index.ts","function":"Module.m._compile","line":1617,"method":"_compile","native":false},{"column":10,"file":"node:internal/modules/cjs/loader","function":"Module._extensions..js","line":1422,"method":".js","native":false},{"column":12,"file":"/app/node_modules/ts-node/src/index.ts","function":"Object.require.extensions.<computed> [as .ts]","line":1621,"method":"ts]","native":false},{"column":32,"file":"node:internal/modules/cjs/loader","function":"Module.load","line":1203,"method":"load","native":false},{"column":12,"file":"node:internal/modules/cjs/loader","function":"Module._load","line":1019,"method":"_load","native":false},{"column":19,"file":"node:internal/modules/cjs/loader","function":"Module.require","line":1231,"method":"require","native":false}]}
{"date":"Thu Jul 10 2025 09:34:53 GMT+0000 (Coordinated Universal Time)","error":{"diagnosticCodes":[6133,6133]},"exception":true,"level":"error","message":"uncaughtException: ⨯ Unable to compile TypeScript:\nsrc/middleware/errorHandler.ts(13,3): error TS6133: 'next' is declared but its value is never read.\nsrc/middleware/errorHandler.ts(43,3): error TS6133: 'res' is declared but its value is never read.\n\nTSError: ⨯ Unable to compile TypeScript:\nsrc/middleware/errorHandler.ts(13,3): error TS6133: 'next' is declared but its value is never read.\nsrc/middleware/errorHandler.ts(43,3): error TS6133: 'res' is declared but its value is never read.\n\n    at createTSError (/app/node_modules/ts-node/src/index.ts:859:12)\n    at reportTSError (/app/node_modules/ts-node/src/index.ts:863:19)\n    at getOutput (/app/node_modules/ts-node/src/index.ts:1077:36)\n    at Object.compile (/app/node_modules/ts-node/src/index.ts:1433:41)\n    at Module.m._compile (/app/node_modules/ts-node/src/index.ts:1617:30)\n    at Module._extensions..js (node:internal/modules/cjs/loader:1422:10)\n    at Object.require.extensions.<computed> [as .ts] (/app/node_modules/ts-node/src/index.ts:1621:12)\n    at Module.load (node:internal/modules/cjs/loader:1203:32)\n    at Function.Module._load (node:internal/modules/cjs/loader:1019:12)\n    at Module.require (node:internal/modules/cjs/loader:1231:19)","os":{"loadavg":[10.14,3.92,2.66],"uptime":1776.33},"process":{"argv":["/app/node_modules/ts-node/dist/bin.js","/app/src/index.ts"],"cwd":"/app","execPath":"/usr/local/bin/node","gid":0,"memoryUsage":{"arrayBuffers":2626346,"external":6031049,"heapTotal":296706048,"heapUsed":264376816,"rss":352747520},"pid":36,"uid":0,"version":"v18.20.8"},"service":"incident-response-api","stack":"TSError: ⨯ Unable to compile TypeScript:\nsrc/middleware/errorHandler.ts(13,3): error TS6133: 'next' is declared but its value is never read.\nsrc/middleware/errorHandler.ts(43,3): error TS6133: 'res' is declared but its value is never read.\n\n    at createTSError (/app/node_modules/ts-node/src/index.ts:859:12)\n    at reportTSError (/app/node_modules/ts-node/src/index.ts:863:19)\n    at getOutput (/app/node_modules/ts-node/src/index.ts:1077:36)\n    at Object.compile (/app/node_modules/ts-node/src/index.ts:1433:41)\n    at Module.m._compile (/app/node_modules/ts-node/src/index.ts:1617:30)\n    at Module._extensions..js (node:internal/modules/cjs/loader:1422:10)\n    at Object.require.extensions.<computed> [as .ts] (/app/node_modules/ts-node/src/index.ts:1621:12)\n    at Module.load (node:internal/modules/cjs/loader:1203:32)\n    at Function.Module._load (node:internal/modules/cjs/loader:1019:12)\n    at Module.require (node:internal/modules/cjs/loader:1231:19)","timestamp":"2025-07-10 09:34:53","trace":[{"column":12,"file":"/app/node_modules/ts-node/src/index.ts","function":"createTSError","line":859,"method":null,"native":false},{"column":19,"file":"/app/node_modules/ts-node/src/index.ts","function":"reportTSError","line":863,"method":null,"native":false},{"column":36,"file":"/app/node_modules/ts-node/src/index.ts","function":"getOutput","line":1077,"method":null,"native":false},{"column":41,"file":"/app/node_modules/ts-node/src/index.ts","function":"Object.compile","line":1433,"method":"compile","native":false},{"column":30,"file":"/app/node_modules/ts-node/src/index.ts","function":"Module.m._compile","line":1617,"method":"_compile","native":false},{"column":10,"file":"node:internal/modules/cjs/loader","function":"Module._extensions..js","line":1422,"method":".js","native":false},{"column":12,"file":"/app/node_modules/ts-node/src/index.ts","function":"Object.require.extensions.<computed> [as .ts]","line":1621,"method":"ts]","native":false},{"column":32,"file":"node:internal/modules/cjs/loader","function":"Module.load","line":1203,"method":"load","native":false},{"column":12,"file":"node:internal/modules/cjs/loader","function":"Module._load","line":1019,"method":"_load","native":false},{"column":19,"file":"node:internal/modules/cjs/loader","function":"Module.require","line":1231,"method":"require","native":false}]}
{"date":"Thu Jul 10 2025 09:37:13 GMT+0000 (Coordinated Universal Time)","error":{"diagnosticCodes":[6133,6133]},"exception":true,"level":"error","message":"uncaughtException: ⨯ Unable to compile TypeScript:\n\u001b[96msrc/middleware/errorHandler.ts\u001b[0m:\u001b[93m13\u001b[0m:\u001b[93m3\u001b[0m - \u001b[91merror\u001b[0m\u001b[90m TS6133: \u001b[0m'next' is declared but its value is never read.\n\n\u001b[7m13\u001b[0m   next: NextFunction\n\u001b[7m  \u001b[0m \u001b[91m  ~~~~\u001b[0m\n\u001b[96msrc/middleware/errorHandler.ts\u001b[0m:\u001b[93m43\u001b[0m:\u001b[93m3\u001b[0m - \u001b[91merror\u001b[0m\u001b[90m TS6133: \u001b[0m'res' is declared but its value is never read.\n\n\u001b[7m43\u001b[0m   res: Response,\n\u001b[7m  \u001b[0m \u001b[91m  ~~~\u001b[0m\n\nTSError: ⨯ Unable to compile TypeScript:\n\u001b[96msrc/middleware/errorHandler.ts\u001b[0m:\u001b[93m13\u001b[0m:\u001b[93m3\u001b[0m - \u001b[91merror\u001b[0m\u001b[90m TS6133: \u001b[0m'next' is declared but its value is never read.\n\n\u001b[7m13\u001b[0m   next: NextFunction\n\u001b[7m  \u001b[0m \u001b[91m  ~~~~\u001b[0m\n\u001b[96msrc/middleware/errorHandler.ts\u001b[0m:\u001b[93m43\u001b[0m:\u001b[93m3\u001b[0m - \u001b[91merror\u001b[0m\u001b[90m TS6133: \u001b[0m'res' is declared but its value is never read.\n\n\u001b[7m43\u001b[0m   res: Response,\n\u001b[7m  \u001b[0m \u001b[91m  ~~~\u001b[0m\n\n    at createTSError (/app/node_modules/ts-node/src/index.ts:859:12)\n    at reportTSError (/app/node_modules/ts-node/src/index.ts:863:19)\n    at getOutput (/app/node_modules/ts-node/src/index.ts:1077:36)\n    at Object.compile (/app/node_modules/ts-node/src/index.ts:1433:41)\n    at Module.m._compile (/app/node_modules/ts-node/src/index.ts:1617:30)\n    at Module._extensions..js (node:internal/modules/cjs/loader:1422:10)\n    at Object.require.extensions.<computed> [as .ts] (/app/node_modules/ts-node/src/index.ts:1621:12)\n    at Module.load (node:internal/modules/cjs/loader:1203:32)\n    at Function.Module._load (node:internal/modules/cjs/loader:1019:12)\n    at Module.require (node:internal/modules/cjs/loader:1231:19)","os":{"loadavg":[3.79,3.84,2.83],"uptime":1916.53},"process":{"argv":["/app/node_modules/ts-node/dist/bin.js","/app/src/index.ts"],"cwd":"/app","execPath":"/usr/local/bin/node","gid":0,"memoryUsage":{"arrayBuffers":2878707,"external":6283410,"heapTotal":297701376,"heapUsed":270160264,"rss":354099200},"pid":19,"uid":0,"version":"v18.20.8"},"service":"incident-response-api","stack":"TSError: ⨯ Unable to compile TypeScript:\n\u001b[96msrc/middleware/errorHandler.ts\u001b[0m:\u001b[93m13\u001b[0m:\u001b[93m3\u001b[0m - \u001b[91merror\u001b[0m\u001b[90m TS6133: \u001b[0m'next' is declared but its value is never read.\n\n\u001b[7m13\u001b[0m   next: NextFunction\n\u001b[7m  \u001b[0m \u001b[91m  ~~~~\u001b[0m\n\u001b[96msrc/middleware/errorHandler.ts\u001b[0m:\u001b[93m43\u001b[0m:\u001b[93m3\u001b[0m - \u001b[91merror\u001b[0m\u001b[90m TS6133: \u001b[0m'res' is declared but its value is never read.\n\n\u001b[7m43\u001b[0m   res: Response,\n\u001b[7m  \u001b[0m \u001b[91m  ~~~\u001b[0m\n\n    at createTSError (/app/node_modules/ts-node/src/index.ts:859:12)\n    at reportTSError (/app/node_modules/ts-node/src/index.ts:863:19)\n    at getOutput (/app/node_modules/ts-node/src/index.ts:1077:36)\n    at Object.compile (/app/node_modules/ts-node/src/index.ts:1433:41)\n    at Module.m._compile (/app/node_modules/ts-node/src/index.ts:1617:30)\n    at Module._extensions..js (node:internal/modules/cjs/loader:1422:10)\n    at Object.require.extensions.<computed> [as .ts] (/app/node_modules/ts-node/src/index.ts:1621:12)\n    at Module.load (node:internal/modules/cjs/loader:1203:32)\n    at Function.Module._load (node:internal/modules/cjs/loader:1019:12)\n    at Module.require (node:internal/modules/cjs/loader:1231:19)","timestamp":"2025-07-10 09:37:13","trace":[{"column":12,"file":"/app/node_modules/ts-node/src/index.ts","function":"createTSError","line":859,"method":null,"native":false},{"column":19,"file":"/app/node_modules/ts-node/src/index.ts","function":"reportTSError","line":863,"method":null,"native":false},{"column":36,"file":"/app/node_modules/ts-node/src/index.ts","function":"getOutput","line":1077,"method":null,"native":false},{"column":41,"file":"/app/node_modules/ts-node/src/index.ts","function":"Object.compile","line":1433,"method":"compile","native":false},{"column":30,"file":"/app/node_modules/ts-node/src/index.ts","function":"Module.m._compile","line":1617,"method":"_compile","native":false},{"column":10,"file":"node:internal/modules/cjs/loader","function":"Module._extensions..js","line":1422,"method":".js","native":false},{"column":12,"file":"/app/node_modules/ts-node/src/index.ts","function":"Object.require.extensions.<computed> [as .ts]","line":1621,"method":"ts]","native":false},{"column":32,"file":"node:internal/modules/cjs/loader","function":"Module.load","line":1203,"method":"load","native":false},{"column":12,"file":"node:internal/modules/cjs/loader","function":"Module._load","line":1019,"method":"_load","native":false},{"column":19,"file":"node:internal/modules/cjs/loader","function":"Module.require","line":1231,"method":"require","native":false}]}
